2023-11-24 10:07:37 INFO  [main] xyz.aqlabs.ems.EmsApplication - Starting EmsApplication using Java 19.0.2 on lcastaa-laptop with PID 3390 (/home/luis/Documents/Java Projects/employee-management-system/target/classes started by luis in /home/luis/Documents/Java Projects/employee-management-system)
2023-11-24 10:07:37 INFO  [main] xyz.aqlabs.ems.EmsApplication - No active profile set, falling back to 1 default profile: "default"
2023-11-24 10:07:39 INFO  [main] o.s.d.r.c.RepositoryConfigurationDelegate - Bootstrapping Spring Data JPA repositories in DEFAULT mode.
2023-11-24 10:07:39 INFO  [main] o.s.d.r.c.RepositoryConfigurationDelegate - Finished Spring Data repository scanning in 169 ms. Found 4 JPA repository interfaces.
2023-11-24 10:07:40 INFO  [main] o.s.b.w.e.tomcat.TomcatWebServer - Tomcat initialized with port(s): 8080 (http)
2023-11-24 10:07:40 INFO  [main] o.a.coyote.http11.Http11NioProtocol - Initializing ProtocolHandler ["http-nio-8080"]
2023-11-24 10:07:40 INFO  [main] o.a.catalina.core.StandardService - Starting service [Tomcat]
2023-11-24 10:07:40 INFO  [main] o.a.catalina.core.StandardEngine - Starting Servlet engine: [Apache Tomcat/9.0.78]
2023-11-24 10:07:41 INFO  [main] o.a.c.c.C.[Tomcat].[localhost].[/] - Initializing Spring embedded WebApplicationContext
2023-11-24 10:07:41 INFO  [main] o.s.b.w.s.c.ServletWebServerApplicationContext - Root WebApplicationContext: initialization completed in 3575 ms
2023-11-24 10:07:41 INFO  [main] o.h.jpa.internal.util.LogHelper - HHH000204: Processing PersistenceUnitInfo [name: default]
2023-11-24 10:07:41 INFO  [main] org.hibernate.Version - HHH000412: Hibernate ORM core version 5.6.15.Final
2023-11-24 10:07:42 INFO  [main] o.h.annotations.common.Version - HCANN000001: Hibernate Commons Annotations {5.1.2.Final}
2023-11-24 10:07:42 INFO  [main] com.zaxxer.hikari.HikariDataSource - ems - Starting...
2023-11-24 10:07:43 INFO  [main] com.zaxxer.hikari.HikariDataSource - ems - Start completed.
2023-11-24 10:07:43 INFO  [main] org.hibernate.dialect.Dialect - HHH000400: Using dialect: org.hibernate.dialect.PostgreSQLDialect
2023-11-24 10:07:45 INFO  [main] o.h.e.t.j.p.i.JtaPlatformInitiator - HHH000490: Using JtaPlatform implementation: [org.hibernate.engine.transaction.jta.platform.internal.NoJtaPlatform]
2023-11-24 10:07:45 INFO  [main] o.s.o.j.LocalContainerEntityManagerFactoryBean - Initialized JPA EntityManagerFactory for persistence unit 'default'
2023-11-24 10:07:46 INFO  [main] o.s.s.web.DefaultSecurityFilterChain - Will secure any request with [org.springframework.security.web.session.DisableEncodeUrlFilter@1d2d793d, org.springframework.security.web.context.request.async.WebAsyncManagerIntegrationFilter@57fec63f, org.springframework.security.web.context.SecurityContextPersistenceFilter@43e2b8da, org.springframework.security.web.header.HeaderWriterFilter@303db609, org.springframework.security.web.authentication.logout.LogoutFilter@634d3439, xyz.aqlabs.ems.security.JwtAuthenticationFilter@280c3dc0, org.springframework.security.web.savedrequest.RequestCacheAwareFilter@1c3a64b6, org.springframework.security.web.servletapi.SecurityContextHolderAwareRequestFilter@761b9314, org.springframework.security.web.authentication.AnonymousAuthenticationFilter@7a2fd94c, org.springframework.security.web.session.SessionManagementFilter@1e38e8b6, org.springframework.security.web.access.ExceptionTranslationFilter@59d29065, org.springframework.security.web.access.intercept.FilterSecurityInterceptor@66ab088c]
2023-11-24 10:07:46 WARN  [main] o.s.b.a.o.j.JpaBaseConfiguration$JpaWebConfiguration - spring.jpa.open-in-view is enabled by default. Therefore, database queries may be performed during view rendering. Explicitly configure spring.jpa.open-in-view to disable this warning
2023-11-24 10:07:47 INFO  [main] o.a.coyote.http11.Http11NioProtocol - Starting ProtocolHandler ["http-nio-8080"]
2023-11-24 10:07:47 INFO  [main] o.s.b.w.e.tomcat.TomcatWebServer - Tomcat started on port(s): 8080 (http) with context path ''
2023-11-24 10:07:47 INFO  [main] xyz.aqlabs.ems.EmsApplication - Started EmsApplication in 11.396 seconds (JVM running for 14.727)
2023-11-24 10:14:19 INFO  [SpringApplicationShutdownHook] o.s.o.j.LocalContainerEntityManagerFactoryBean - Closing JPA EntityManagerFactory for persistence unit 'default'
2023-11-24 10:14:19 INFO  [SpringApplicationShutdownHook] com.zaxxer.hikari.HikariDataSource - ems - Shutdown initiated...
2023-11-24 10:14:19 INFO  [SpringApplicationShutdownHook] com.zaxxer.hikari.HikariDataSource - ems - Shutdown completed.
2023-11-24 10:14:29 INFO  [main] xyz.aqlabs.ems.EmsApplication - Starting EmsApplication using Java 19.0.2 on lcastaa-laptop with PID 5052 (/home/luis/Documents/Java Projects/employee-management-system/target/classes started by luis in /home/luis/Documents/Java Projects/employee-management-system)
2023-11-24 10:14:29 INFO  [main] xyz.aqlabs.ems.EmsApplication - No active profile set, falling back to 1 default profile: "default"
2023-11-24 10:14:31 INFO  [main] o.s.d.r.c.RepositoryConfigurationDelegate - Bootstrapping Spring Data JPA repositories in DEFAULT mode.
2023-11-24 10:14:31 INFO  [main] o.s.d.r.c.RepositoryConfigurationDelegate - Finished Spring Data repository scanning in 139 ms. Found 4 JPA repository interfaces.
2023-11-24 10:14:32 INFO  [main] o.s.b.w.e.tomcat.TomcatWebServer - Tomcat initialized with port(s): 8080 (http)
2023-11-24 10:14:32 INFO  [main] o.a.coyote.http11.Http11NioProtocol - Initializing ProtocolHandler ["http-nio-8080"]
2023-11-24 10:14:32 INFO  [main] o.a.catalina.core.StandardService - Starting service [Tomcat]
2023-11-24 10:14:32 INFO  [main] o.a.catalina.core.StandardEngine - Starting Servlet engine: [Apache Tomcat/9.0.78]
2023-11-24 10:14:32 INFO  [main] o.a.c.c.C.[Tomcat].[localhost].[/] - Initializing Spring embedded WebApplicationContext
2023-11-24 10:14:32 INFO  [main] o.s.b.w.s.c.ServletWebServerApplicationContext - Root WebApplicationContext: initialization completed in 3056 ms
2023-11-24 10:14:33 INFO  [main] o.h.jpa.internal.util.LogHelper - HHH000204: Processing PersistenceUnitInfo [name: default]
2023-11-24 10:14:33 INFO  [main] org.hibernate.Version - HHH000412: Hibernate ORM core version 5.6.15.Final
2023-11-24 10:14:33 INFO  [main] o.h.annotations.common.Version - HCANN000001: Hibernate Commons Annotations {5.1.2.Final}
2023-11-24 10:14:33 INFO  [main] com.zaxxer.hikari.HikariDataSource - ems - Starting...
2023-11-24 10:14:34 INFO  [main] com.zaxxer.hikari.HikariDataSource - ems - Start completed.
2023-11-24 10:14:34 INFO  [main] org.hibernate.dialect.Dialect - HHH000400: Using dialect: org.hibernate.dialect.PostgreSQLDialect
2023-11-24 10:14:35 INFO  [main] o.h.e.t.j.p.i.JtaPlatformInitiator - HHH000490: Using JtaPlatform implementation: [org.hibernate.engine.transaction.jta.platform.internal.NoJtaPlatform]
2023-11-24 10:14:35 INFO  [main] o.s.o.j.LocalContainerEntityManagerFactoryBean - Initialized JPA EntityManagerFactory for persistence unit 'default'
2023-11-24 10:14:37 INFO  [main] o.s.s.web.DefaultSecurityFilterChain - Will secure any request with [org.springframework.security.web.session.DisableEncodeUrlFilter@7d216ee8, org.springframework.security.web.context.request.async.WebAsyncManagerIntegrationFilter@74ee97cb, org.springframework.security.web.context.SecurityContextPersistenceFilter@5186b78a, org.springframework.security.web.header.HeaderWriterFilter@4bac0be5, org.springframework.security.web.authentication.logout.LogoutFilter@4b8cde43, xyz.aqlabs.ems.security.JwtAuthenticationFilter@4cefa0be, org.springframework.security.web.savedrequest.RequestCacheAwareFilter@1e749235, org.springframework.security.web.servletapi.SecurityContextHolderAwareRequestFilter@870a9f2, org.springframework.security.web.authentication.AnonymousAuthenticationFilter@268e30d4, org.springframework.security.web.session.SessionManagementFilter@542754be, org.springframework.security.web.access.ExceptionTranslationFilter@1361e880, org.springframework.security.web.access.intercept.FilterSecurityInterceptor@1791396b]
2023-11-24 10:14:37 WARN  [main] o.s.b.a.o.j.JpaBaseConfiguration$JpaWebConfiguration - spring.jpa.open-in-view is enabled by default. Therefore, database queries may be performed during view rendering. Explicitly configure spring.jpa.open-in-view to disable this warning
2023-11-24 10:14:38 INFO  [main] o.a.coyote.http11.Http11NioProtocol - Starting ProtocolHandler ["http-nio-8080"]
2023-11-24 10:14:38 INFO  [main] o.s.b.w.e.tomcat.TomcatWebServer - Tomcat started on port(s): 8080 (http) with context path ''
2023-11-24 10:14:38 INFO  [main] xyz.aqlabs.ems.EmsApplication - Started EmsApplication in 9.789 seconds (JVM running for 11.182)
2023-11-24 10:14:47 INFO  [http-nio-8080-exec-1] o.a.c.c.C.[Tomcat].[localhost].[/] - Initializing Spring DispatcherServlet 'dispatcherServlet'
2023-11-24 10:14:47 INFO  [http-nio-8080-exec-1] o.s.web.servlet.DispatcherServlet - Initializing Servlet 'dispatcherServlet'
2023-11-24 10:14:47 INFO  [http-nio-8080-exec-1] o.s.web.servlet.DispatcherServlet - Completed initialization in 2 ms
2023-11-24 10:14:48 WARN  [http-nio-8080-exec-4] o.s.w.s.m.s.DefaultHandlerExceptionResolver - Resolved [org.springframework.web.method.annotation.MethodArgumentTypeMismatchException: Failed to convert value of type 'java.lang.String' to required type 'java.lang.Integer'; nested exception is java.lang.NumberFormatException: For input string: "undefined"]
2023-11-24 10:15:01 INFO  [http-nio-8080-exec-3] x.a.e.security.AuthenticationService - METHOD EXECUTING in AUTHENTICATION SERVICE: logIn(213270352)
2023-11-24 10:15:01 INFO  [http-nio-8080-exec-3] x.a.e.security.AuthenticationService - Attempting to VALIDATE credentials in dto: 213270352.
2023-11-24 10:15:01 INFO  [http-nio-8080-exec-3] x.a.e.security.AuthenticationService - CHECKING if Employee with username: test exists.
2023-11-24 10:15:01 INFO  [http-nio-8080-exec-3] x.a.e.security.AuthenticationService - AUTHENTICATION PASSED

2023-11-24 10:15:03 INFO  [http-nio-8080-exec-6] x.aqlabs.ems.service.TimeCardService - METHOD EXECUTING: getTimeCardByEmployeeIdStartDateAndEndDate(199218222)
2023-11-24 10:15:03 INFO  [http-nio-8080-exec-6] x.aqlabs.ems.service.TimeCardService - METHOD EXECUTING: createTimeCard(199218222)
2023-11-24 10:15:03 INFO  [http-nio-8080-exec-6] x.aqlabs.ems.service.TimeCardService - Checking if TimeCard Object already exists with Dto data...
2023-11-24 10:15:03 INFO  [http-nio-8080-exec-6] x.aqlabs.ems.service.TimeCardService - TimeCard Object was not found...
2023-11-24 10:15:03 INFO  [http-nio-8080-exec-6] x.aqlabs.ems.service.TimeCardService - Building the TimeCard Object...
2023-11-24 10:15:03 INFO  [http-nio-8080-exec-6] x.aqlabs.ems.service.TimeCardService - Time Card Built! Saving Time Card to DB...
2023-11-24 10:15:03 INFO  [http-nio-8080-exec-6] x.aqlabs.ems.service.TimeCardService - Time Card successfully saved...
2023-11-24 10:15:03 INFO  [http-nio-8080-exec-6] x.aqlabs.ems.service.TimeCardService - METHOD EXITING: createTimeCard(199218222)  with 204 ACCEPTED

2023-11-24 10:21:26 INFO  [SpringApplicationShutdownHook] o.s.o.j.LocalContainerEntityManagerFactoryBean - Closing JPA EntityManagerFactory for persistence unit 'default'
2023-11-24 10:21:26 INFO  [SpringApplicationShutdownHook] com.zaxxer.hikari.HikariDataSource - ems - Shutdown initiated...
2023-11-24 10:21:26 INFO  [SpringApplicationShutdownHook] com.zaxxer.hikari.HikariDataSource - ems - Shutdown completed.
2023-11-24 10:21:35 INFO  [main] xyz.aqlabs.ems.EmsApplication - Starting EmsApplication using Java 19.0.2 on lcastaa-laptop with PID 5721 (/home/luis/Documents/Java Projects/employee-management-system/target/classes started by luis in /home/luis/Documents/Java Projects/employee-management-system)
2023-11-24 10:21:35 INFO  [main] xyz.aqlabs.ems.EmsApplication - No active profile set, falling back to 1 default profile: "default"
2023-11-24 10:21:37 INFO  [main] o.s.d.r.c.RepositoryConfigurationDelegate - Bootstrapping Spring Data JPA repositories in DEFAULT mode.
2023-11-24 10:21:38 INFO  [main] o.s.d.r.c.RepositoryConfigurationDelegate - Finished Spring Data repository scanning in 135 ms. Found 4 JPA repository interfaces.
2023-11-24 10:21:39 INFO  [main] o.s.b.w.e.tomcat.TomcatWebServer - Tomcat initialized with port(s): 8080 (http)
2023-11-24 10:21:39 INFO  [main] o.a.coyote.http11.Http11NioProtocol - Initializing ProtocolHandler ["http-nio-8080"]
2023-11-24 10:21:39 INFO  [main] o.a.catalina.core.StandardService - Starting service [Tomcat]
2023-11-24 10:21:39 INFO  [main] o.a.catalina.core.StandardEngine - Starting Servlet engine: [Apache Tomcat/9.0.78]
2023-11-24 10:21:39 INFO  [main] o.a.c.c.C.[Tomcat].[localhost].[/] - Initializing Spring embedded WebApplicationContext
2023-11-24 10:21:39 INFO  [main] o.s.b.w.s.c.ServletWebServerApplicationContext - Root WebApplicationContext: initialization completed in 4019 ms
2023-11-24 10:21:40 INFO  [main] o.h.jpa.internal.util.LogHelper - HHH000204: Processing PersistenceUnitInfo [name: default]
2023-11-24 10:21:40 INFO  [main] org.hibernate.Version - HHH000412: Hibernate ORM core version 5.6.15.Final
2023-11-24 10:21:40 INFO  [main] o.h.annotations.common.Version - HCANN000001: Hibernate Commons Annotations {5.1.2.Final}
2023-11-24 10:21:40 INFO  [main] com.zaxxer.hikari.HikariDataSource - ems - Starting...
2023-11-24 10:21:41 INFO  [main] com.zaxxer.hikari.HikariDataSource - ems - Start completed.
2023-11-24 10:21:41 INFO  [main] org.hibernate.dialect.Dialect - HHH000400: Using dialect: org.hibernate.dialect.PostgreSQLDialect
2023-11-24 10:21:42 INFO  [main] o.h.e.t.j.p.i.JtaPlatformInitiator - HHH000490: Using JtaPlatform implementation: [org.hibernate.engine.transaction.jta.platform.internal.NoJtaPlatform]
2023-11-24 10:21:42 INFO  [main] o.s.o.j.LocalContainerEntityManagerFactoryBean - Initialized JPA EntityManagerFactory for persistence unit 'default'
2023-11-24 10:21:44 INFO  [main] o.s.s.web.DefaultSecurityFilterChain - Will secure any request with [org.springframework.security.web.session.DisableEncodeUrlFilter@22d47f09, org.springframework.security.web.context.request.async.WebAsyncManagerIntegrationFilter@28100232, org.springframework.security.web.context.SecurityContextPersistenceFilter@301f9aa0, org.springframework.security.web.header.HeaderWriterFilter@4d3a7f83, org.springframework.security.web.authentication.logout.LogoutFilter@47fc9ce, xyz.aqlabs.ems.security.JwtAuthenticationFilter@2de96eba, org.springframework.security.web.savedrequest.RequestCacheAwareFilter@3a44993c, org.springframework.security.web.servletapi.SecurityContextHolderAwareRequestFilter@6b6606d1, org.springframework.security.web.authentication.AnonymousAuthenticationFilter@26728255, org.springframework.security.web.session.SessionManagementFilter@6c2e7591, org.springframework.security.web.access.ExceptionTranslationFilter@5d515e2c, org.springframework.security.web.access.intercept.FilterSecurityInterceptor@7d216ee8]
2023-11-24 10:21:44 WARN  [main] o.s.b.a.o.j.JpaBaseConfiguration$JpaWebConfiguration - spring.jpa.open-in-view is enabled by default. Therefore, database queries may be performed during view rendering. Explicitly configure spring.jpa.open-in-view to disable this warning
2023-11-24 10:21:45 INFO  [main] o.a.coyote.http11.Http11NioProtocol - Starting ProtocolHandler ["http-nio-8080"]
2023-11-24 10:21:45 INFO  [main] o.s.b.w.e.tomcat.TomcatWebServer - Tomcat started on port(s): 8080 (http) with context path ''
2023-11-24 10:21:45 INFO  [main] xyz.aqlabs.ems.EmsApplication - Started EmsApplication in 10.701 seconds (JVM running for 11.966)
2023-11-24 10:21:51 INFO  [http-nio-8080-exec-1] o.a.c.c.C.[Tomcat].[localhost].[/] - Initializing Spring DispatcherServlet 'dispatcherServlet'
2023-11-24 10:21:51 INFO  [http-nio-8080-exec-1] o.s.web.servlet.DispatcherServlet - Initializing Servlet 'dispatcherServlet'
2023-11-24 10:21:51 INFO  [http-nio-8080-exec-1] o.s.web.servlet.DispatcherServlet - Completed initialization in 3 ms
2023-11-24 10:21:52 INFO  [http-nio-8080-exec-4] x.aqlabs.ems.service.TimeCardService - METHOD EXECUTING: getTimeCardByEmployeeIdStartDateAndEndDate(199218222)
2023-11-24 10:21:52 INFO  [http-nio-8080-exec-4] x.aqlabs.ems.service.TimeCardService - Time Card found...Returning existing Time Card
2023-11-24 10:22:01 INFO  [http-nio-8080-exec-5] x.aqlabs.ems.service.HrTicketService - METHOD EXECUTING IN HR-TICKET SERVICE: getListOfHrTicketsWithEmployeeIdAndBoolean(1, false)
2023-11-24 10:22:01 INFO  [http-nio-8080-exec-3] x.aqlabs.ems.service.HrTicketService - METHOD EXECUTING IN HR-TICKET SERVICE: getListOfHrTicketsWithEmployeeIdAndBoolean(1, true)
2023-11-24 10:22:01 INFO  [http-nio-8080-exec-3] x.aqlabs.ems.service.HrTicketService - METHOD Exiting: getListOfHrTicketsWithEmployeeIdAndBoolean(1, true) with 200 OK

2023-11-24 10:22:01 INFO  [http-nio-8080-exec-5] x.aqlabs.ems.service.HrTicketService - METHOD Exiting: getListOfHrTicketsWithEmployeeIdAndBoolean(1, false) with 200 OK

2023-11-24 10:22:33 INFO  [http-nio-8080-exec-5] x.aqlabs.ems.service.TimeCardService - METHOD EXECUTING: getTimeCardByEmployeeIdStartDateAndEndDate(199218222)
2023-11-24 10:22:33 INFO  [http-nio-8080-exec-5] x.aqlabs.ems.service.TimeCardService - Time Card found...Returning existing Time Card
2023-11-24 10:22:59 INFO  [http-nio-8080-exec-1] xyz.aqlabs.ems.service.PunchService - METHOD EXECUTING IN [PUNCH SERVICE]: createPunch(1635841346) 
2023-11-24 10:22:59 INFO  [http-nio-8080-exec-1] xyz.aqlabs.ems.service.PunchService - Building the Punch Object...
2023-11-24 10:22:59 INFO  [http-nio-8080-exec-1] xyz.aqlabs.ems.service.PunchService - Punch Built! Saving Punch to DB...
2023-11-24 10:22:59 INFO  [http-nio-8080-exec-1] xyz.aqlabs.ems.service.PunchService - Punch successfully saved...
2023-11-24 10:22:59 INFO  [http-nio-8080-exec-1] xyz.aqlabs.ems.service.PunchService - METHOD EXITING: createPunch(1635841346)  with 200 OK

2023-11-24 10:23:22 INFO  [http-nio-8080-exec-4] xyz.aqlabs.ems.service.PunchService - METHOD EXECUTING IN [PUNCH SERVICE]: createPunch(1562544486) 
2023-11-24 10:23:22 INFO  [http-nio-8080-exec-4] xyz.aqlabs.ems.service.PunchService - Building the Punch Object...
2023-11-24 10:23:22 INFO  [http-nio-8080-exec-4] xyz.aqlabs.ems.service.PunchService - Punch Built! Saving Punch to DB...
2023-11-24 10:23:22 INFO  [http-nio-8080-exec-4] xyz.aqlabs.ems.service.PunchService - Punch successfully saved...
2023-11-24 10:23:22 INFO  [http-nio-8080-exec-4] xyz.aqlabs.ems.service.PunchService - METHOD EXITING: createPunch(1562544486)  with 200 OK

2023-11-24 10:23:44 INFO  [http-nio-8080-exec-5] x.aqlabs.ems.service.TimeCardService - METHOD EXECUTING: getTimeCardByEmployeeIdStartDateAndEndDate(199218222)
2023-11-24 10:23:45 INFO  [http-nio-8080-exec-5] x.aqlabs.ems.service.TimeCardService - Time Card found...Returning existing Time Card
2023-11-24 10:23:46 INFO  [http-nio-8080-exec-1] x.aqlabs.ems.service.TimeCardService - METHOD EXECUTING: getTimeCardByEmployeeIdStartDateAndEndDate(199218222)
2023-11-24 10:23:46 INFO  [http-nio-8080-exec-1] x.aqlabs.ems.service.TimeCardService - Time Card found...Returning existing Time Card
2023-11-24 10:23:54 INFO  [http-nio-8080-exec-8] x.aqlabs.ems.service.TimeCardService - METHOD EXECUTING: getTimeCardByEmployeeIdStartDateAndEndDate(199218222)
2023-11-24 10:23:54 INFO  [http-nio-8080-exec-8] x.aqlabs.ems.service.TimeCardService - Time Card found...Returning existing Time Card
2023-11-24 10:24:42 INFO  [http-nio-8080-exec-4] x.aqlabs.ems.service.TimeCardService - METHOD EXECUTING: getTimeCardByEmployeeIdStartDateAndEndDate(199218222)
2023-11-24 10:24:42 INFO  [http-nio-8080-exec-4] x.aqlabs.ems.service.TimeCardService - Time Card found...Returning existing Time Card
2023-11-24 10:25:09 INFO  [http-nio-8080-exec-8] x.aqlabs.ems.service.TimeCardService - METHOD EXECUTING: getTimeCardByEmployeeIdStartDateAndEndDate(199218222)
2023-11-24 10:25:09 INFO  [http-nio-8080-exec-8] x.aqlabs.ems.service.TimeCardService - Time Card found...Returning existing Time Card
2023-11-24 10:25:24 INFO  [http-nio-8080-exec-2] x.aqlabs.ems.service.TimeCardService - METHOD EXECUTING: getTimeCardByEmployeeIdStartDateAndEndDate(199218222)
2023-11-24 10:25:24 INFO  [http-nio-8080-exec-2] x.aqlabs.ems.service.TimeCardService - Time Card found...Returning existing Time Card
2023-11-24 10:25:29 INFO  [http-nio-8080-exec-5] x.aqlabs.ems.service.TimeCardService - METHOD EXECUTING: getTimeCardByEmployeeIdStartDateAndEndDate(199218222)
2023-11-24 10:25:29 INFO  [http-nio-8080-exec-5] x.aqlabs.ems.service.TimeCardService - Time Card found...Returning existing Time Card
2023-11-24 10:25:31 INFO  [http-nio-8080-exec-2] x.aqlabs.ems.service.HrTicketService - METHOD EXECUTING IN HR-TICKET SERVICE: getListOfHrTicketsWithEmployeeIdAndBoolean(1, true)
2023-11-24 10:25:31 INFO  [http-nio-8080-exec-4] x.aqlabs.ems.service.HrTicketService - METHOD EXECUTING IN HR-TICKET SERVICE: getListOfHrTicketsWithEmployeeIdAndBoolean(1, false)
2023-11-24 10:25:31 INFO  [http-nio-8080-exec-2] x.aqlabs.ems.service.HrTicketService - METHOD Exiting: getListOfHrTicketsWithEmployeeIdAndBoolean(1, true) with 200 OK

2023-11-24 10:25:31 INFO  [http-nio-8080-exec-4] x.aqlabs.ems.service.HrTicketService - METHOD Exiting: getListOfHrTicketsWithEmployeeIdAndBoolean(1, false) with 200 OK

2023-11-24 10:25:38 INFO  [http-nio-8080-exec-7] x.aqlabs.ems.service.HrTicketService - METHOD EXECUTING IN HR-TICKET SERVICE: createHrTicket(-564044018) 
2023-11-24 10:25:38 INFO  [http-nio-8080-exec-7] x.aqlabs.ems.service.HrTicketService - Building the Hr-Ticket Object...
2023-11-24 10:25:38 INFO  [http-nio-8080-exec-7] x.aqlabs.ems.service.HrTicketService - Hr-Tickt Built! Saving Hr-Ticket to DB...
2023-11-24 10:25:38 INFO  [http-nio-8080-exec-7] x.aqlabs.ems.service.HrTicketService - Hr-Ticket successfully saved...
2023-11-24 10:25:38 INFO  [http-nio-8080-exec-7] x.aqlabs.ems.service.HrTicketService - METHOD EXITING: createPunch(-564044018)  with 201 OK

2023-11-24 10:25:42 INFO  [http-nio-8080-exec-1] x.aqlabs.ems.service.HrTicketService - METHOD EXECUTING IN HR-TICKET SERVICE: getListOfHrTicketsWithEmployeeIdAndBoolean(1, false)
2023-11-24 10:25:42 INFO  [http-nio-8080-exec-10] x.aqlabs.ems.service.HrTicketService - METHOD EXECUTING IN HR-TICKET SERVICE: getListOfHrTicketsWithEmployeeIdAndBoolean(1, true)
2023-11-24 10:25:42 INFO  [http-nio-8080-exec-10] x.aqlabs.ems.service.HrTicketService - METHOD Exiting: getListOfHrTicketsWithEmployeeIdAndBoolean(1, true) with 200 OK

2023-11-24 10:25:42 INFO  [http-nio-8080-exec-1] x.aqlabs.ems.service.HrTicketService - METHOD Exiting: getListOfHrTicketsWithEmployeeIdAndBoolean(1, false) with 200 OK

2023-11-24 10:26:17 INFO  [http-nio-8080-exec-7] x.aqlabs.ems.service.HrTicketService - METHOD EXECUTING IN HR-TICKET SERVICE: getListOfHrTicketsWithEmployeeIdAndBoolean(1, true)
2023-11-24 10:26:17 INFO  [http-nio-8080-exec-3] x.aqlabs.ems.service.HrTicketService - METHOD EXECUTING IN HR-TICKET SERVICE: getListOfHrTicketsWithEmployeeIdAndBoolean(1, false)
2023-11-24 10:26:17 INFO  [http-nio-8080-exec-3] x.aqlabs.ems.service.HrTicketService - METHOD Exiting: getListOfHrTicketsWithEmployeeIdAndBoolean(1, false) with 200 OK

2023-11-24 10:26:17 INFO  [http-nio-8080-exec-7] x.aqlabs.ems.service.HrTicketService - METHOD Exiting: getListOfHrTicketsWithEmployeeIdAndBoolean(1, true) with 200 OK

2023-11-24 10:37:45 INFO  [SpringApplicationShutdownHook] o.s.o.j.LocalContainerEntityManagerFactoryBean - Closing JPA EntityManagerFactory for persistence unit 'default'
2023-11-24 10:37:45 INFO  [SpringApplicationShutdownHook] com.zaxxer.hikari.HikariDataSource - ems - Shutdown initiated...
2023-11-24 10:37:45 INFO  [SpringApplicationShutdownHook] com.zaxxer.hikari.HikariDataSource - ems - Shutdown completed.
2023-11-24 10:37:59 INFO  [main] xyz.aqlabs.ems.EmsApplication - Starting EmsApplication using Java 19.0.2 on lcastaa-laptop with PID 6999 (/home/luis/Documents/Java Projects/employee-management-system/target/classes started by luis in /home/luis/Documents/Java Projects/employee-management-system)
2023-11-24 10:37:59 INFO  [main] xyz.aqlabs.ems.EmsApplication - No active profile set, falling back to 1 default profile: "default"
2023-11-24 10:38:00 INFO  [main] o.s.d.r.c.RepositoryConfigurationDelegate - Bootstrapping Spring Data JPA repositories in DEFAULT mode.
2023-11-24 10:38:01 INFO  [main] o.s.d.r.c.RepositoryConfigurationDelegate - Finished Spring Data repository scanning in 150 ms. Found 4 JPA repository interfaces.
2023-11-24 10:38:02 INFO  [main] o.s.b.w.e.tomcat.TomcatWebServer - Tomcat initialized with port(s): 8080 (http)
2023-11-24 10:38:02 INFO  [main] o.a.coyote.http11.Http11NioProtocol - Initializing ProtocolHandler ["http-nio-8080"]
2023-11-24 10:38:02 INFO  [main] o.a.catalina.core.StandardService - Starting service [Tomcat]
2023-11-24 10:38:02 INFO  [main] o.a.catalina.core.StandardEngine - Starting Servlet engine: [Apache Tomcat/9.0.78]
2023-11-24 10:38:02 INFO  [main] o.a.c.c.C.[Tomcat].[localhost].[/] - Initializing Spring embedded WebApplicationContext
2023-11-24 10:38:02 INFO  [main] o.s.b.w.s.c.ServletWebServerApplicationContext - Root WebApplicationContext: initialization completed in 3105 ms
2023-11-24 10:38:03 INFO  [main] o.h.jpa.internal.util.LogHelper - HHH000204: Processing PersistenceUnitInfo [name: default]
2023-11-24 10:38:03 INFO  [main] org.hibernate.Version - HHH000412: Hibernate ORM core version 5.6.15.Final
2023-11-24 10:38:03 INFO  [main] o.h.annotations.common.Version - HCANN000001: Hibernate Commons Annotations {5.1.2.Final}
2023-11-24 10:38:03 INFO  [main] com.zaxxer.hikari.HikariDataSource - ems - Starting...
2023-11-24 10:38:04 INFO  [main] com.zaxxer.hikari.HikariDataSource - ems - Start completed.
2023-11-24 10:38:04 INFO  [main] org.hibernate.dialect.Dialect - HHH000400: Using dialect: org.hibernate.dialect.PostgreSQLDialect
2023-11-24 10:38:05 INFO  [main] o.h.e.t.j.p.i.JtaPlatformInitiator - HHH000490: Using JtaPlatform implementation: [org.hibernate.engine.transaction.jta.platform.internal.NoJtaPlatform]
2023-11-24 10:38:06 INFO  [main] o.s.o.j.LocalContainerEntityManagerFactoryBean - Initialized JPA EntityManagerFactory for persistence unit 'default'
2023-11-24 10:38:07 INFO  [main] o.s.s.web.DefaultSecurityFilterChain - Will secure any request with [org.springframework.security.web.session.DisableEncodeUrlFilter@7c50709a, org.springframework.security.web.context.request.async.WebAsyncManagerIntegrationFilter@af007d6, org.springframework.security.web.context.SecurityContextPersistenceFilter@870a9f2, org.springframework.security.web.header.HeaderWriterFilter@2ad6895a, org.springframework.security.web.authentication.logout.LogoutFilter@25e203e6, xyz.aqlabs.ems.security.JwtAuthenticationFilter@4850d66b, org.springframework.security.web.savedrequest.RequestCacheAwareFilter@7f2542f, org.springframework.security.web.servletapi.SecurityContextHolderAwareRequestFilter@3dad8bde, org.springframework.security.web.authentication.AnonymousAuthenticationFilter@a20898c, org.springframework.security.web.session.SessionManagementFilter@5186b78a, org.springframework.security.web.access.ExceptionTranslationFilter@368d51ca, org.springframework.security.web.access.intercept.FilterSecurityInterceptor@f472245]
2023-11-24 10:38:07 WARN  [main] o.s.b.a.o.j.JpaBaseConfiguration$JpaWebConfiguration - spring.jpa.open-in-view is enabled by default. Therefore, database queries may be performed during view rendering. Explicitly configure spring.jpa.open-in-view to disable this warning
2023-11-24 10:38:08 WARN  [main] o.s.b.w.s.c.AnnotationConfigServletWebServerApplicationContext - Exception encountered during context initialization - cancelling refresh attempt: org.springframework.beans.factory.BeanCreationException: Error creating bean with name 'requestMappingHandlerMapping' defined in class path resource [org/springframework/boot/autoconfigure/web/servlet/WebMvcAutoConfiguration$EnableWebMvcConfiguration.class]: Invocation of init method failed; nested exception is java.lang.IllegalStateException: Ambiguous mapping. Cannot map 'timeCardController' method 
xyz.aqlabs.ems.controller.TimeCardController#getTimeCardByEmployeeIdMonthYear(Integer, String, String)
to {GET [/api/v1/timecard]}: There is already 'timeCardController' bean method
xyz.aqlabs.ems.controller.TimeCardController#getTimeCardByTimeParams(Integer, String, String) mapped.
2023-11-24 10:38:08 INFO  [main] o.s.o.j.LocalContainerEntityManagerFactoryBean - Closing JPA EntityManagerFactory for persistence unit 'default'
2023-11-24 10:38:08 INFO  [main] com.zaxxer.hikari.HikariDataSource - ems - Shutdown initiated...
2023-11-24 10:38:08 INFO  [main] com.zaxxer.hikari.HikariDataSource - ems - Shutdown completed.
2023-11-24 10:38:08 INFO  [main] o.a.catalina.core.StandardService - Stopping service [Tomcat]
2023-11-24 10:38:08 INFO  [main] o.s.b.a.l.ConditionEvaluationReportLoggingListener - 

Error starting ApplicationContext. To display the conditions report re-run your application with 'debug' enabled.
2023-11-24 10:38:08 ERROR [main] o.s.boot.SpringApplication - Application run failed
org.springframework.beans.factory.BeanCreationException: Error creating bean with name 'requestMappingHandlerMapping' defined in class path resource [org/springframework/boot/autoconfigure/web/servlet/WebMvcAutoConfiguration$EnableWebMvcConfiguration.class]: Invocation of init method failed; nested exception is java.lang.IllegalStateException: Ambiguous mapping. Cannot map 'timeCardController' method 
xyz.aqlabs.ems.controller.TimeCardController#getTimeCardByEmployeeIdMonthYear(Integer, String, String)
to {GET [/api/v1/timecard]}: There is already 'timeCardController' bean method
xyz.aqlabs.ems.controller.TimeCardController#getTimeCardByTimeParams(Integer, String, String) mapped.
	at org.springframework.beans.factory.support.AbstractAutowireCapableBeanFactory.initializeBean(AbstractAutowireCapableBeanFactory.java:1804)
	at org.springframework.beans.factory.support.AbstractAutowireCapableBeanFactory.doCreateBean(AbstractAutowireCapableBeanFactory.java:620)
	at org.springframework.beans.factory.support.AbstractAutowireCapableBeanFactory.createBean(AbstractAutowireCapableBeanFactory.java:542)
	at org.springframework.beans.factory.support.AbstractBeanFactory.lambda$doGetBean$0(AbstractBeanFactory.java:335)
	at org.springframework.beans.factory.support.DefaultSingletonBeanRegistry.getSingleton(DefaultSingletonBeanRegistry.java:234)
	at org.springframework.beans.factory.support.AbstractBeanFactory.doGetBean(AbstractBeanFactory.java:333)
	at org.springframework.beans.factory.support.AbstractBeanFactory.getBean(AbstractBeanFactory.java:208)
	at org.springframework.beans.factory.support.DefaultListableBeanFactory.preInstantiateSingletons(DefaultListableBeanFactory.java:955)
	at org.springframework.context.support.AbstractApplicationContext.finishBeanFactoryInitialization(AbstractApplicationContext.java:921)
	at org.springframework.context.support.AbstractApplicationContext.refresh(AbstractApplicationContext.java:583)
	at org.springframework.boot.web.servlet.context.ServletWebServerApplicationContext.refresh(ServletWebServerApplicationContext.java:147)
	at org.springframework.boot.SpringApplication.refresh(SpringApplication.java:731)
	at org.springframework.boot.SpringApplication.refreshContext(SpringApplication.java:408)
	at org.springframework.boot.SpringApplication.run(SpringApplication.java:307)
	at org.springframework.boot.SpringApplication.run(SpringApplication.java:1303)
	at org.springframework.boot.SpringApplication.run(SpringApplication.java:1292)
	at xyz.aqlabs.ems.EmsApplication.main(EmsApplication.java:10)
Caused by: java.lang.IllegalStateException: Ambiguous mapping. Cannot map 'timeCardController' method 
xyz.aqlabs.ems.controller.TimeCardController#getTimeCardByEmployeeIdMonthYear(Integer, String, String)
to {GET [/api/v1/timecard]}: There is already 'timeCardController' bean method
xyz.aqlabs.ems.controller.TimeCardController#getTimeCardByTimeParams(Integer, String, String) mapped.
	at org.springframework.web.servlet.handler.AbstractHandlerMethodMapping$MappingRegistry.validateMethodMapping(AbstractHandlerMethodMapping.java:669)
	at org.springframework.web.servlet.handler.AbstractHandlerMethodMapping$MappingRegistry.register(AbstractHandlerMethodMapping.java:635)
	at org.springframework.web.servlet.handler.AbstractHandlerMethodMapping.registerHandlerMethod(AbstractHandlerMethodMapping.java:332)
	at org.springframework.web.servlet.mvc.method.annotation.RequestMappingHandlerMapping.registerHandlerMethod(RequestMappingHandlerMapping.java:420)
	at org.springframework.web.servlet.mvc.method.annotation.RequestMappingHandlerMapping.registerHandlerMethod(RequestMappingHandlerMapping.java:76)
	at org.springframework.web.servlet.handler.AbstractHandlerMethodMapping.lambda$detectHandlerMethods$2(AbstractHandlerMethodMapping.java:299)
	at java.base/java.util.LinkedHashMap.forEach(LinkedHashMap.java:729)
	at org.springframework.web.servlet.handler.AbstractHandlerMethodMapping.detectHandlerMethods(AbstractHandlerMethodMapping.java:297)
	at org.springframework.web.servlet.handler.AbstractHandlerMethodMapping.processCandidateBean(AbstractHandlerMethodMapping.java:266)
	at org.springframework.web.servlet.handler.AbstractHandlerMethodMapping.initHandlerMethods(AbstractHandlerMethodMapping.java:225)
	at org.springframework.web.servlet.handler.AbstractHandlerMethodMapping.afterPropertiesSet(AbstractHandlerMethodMapping.java:213)
	at org.springframework.web.servlet.mvc.method.annotation.RequestMappingHandlerMapping.afterPropertiesSet(RequestMappingHandlerMapping.java:205)
	at org.springframework.beans.factory.support.AbstractAutowireCapableBeanFactory.invokeInitMethods(AbstractAutowireCapableBeanFactory.java:1863)
	at org.springframework.beans.factory.support.AbstractAutowireCapableBeanFactory.initializeBean(AbstractAutowireCapableBeanFactory.java:1800)
	... 16 common frames omitted
2023-11-24 10:54:11 INFO  [main] xyz.aqlabs.ems.EmsApplication - Starting EmsApplication using Java 19.0.2 on lcastaa-laptop with PID 8159 (/home/luis/Documents/Java Projects/employee-management-system/target/classes started by luis in /home/luis/Documents/Java Projects/employee-management-system)
2023-11-24 10:54:11 INFO  [main] xyz.aqlabs.ems.EmsApplication - No active profile set, falling back to 1 default profile: "default"
2023-11-24 10:54:13 INFO  [main] o.s.d.r.c.RepositoryConfigurationDelegate - Bootstrapping Spring Data JPA repositories in DEFAULT mode.
2023-11-24 10:54:13 INFO  [main] o.s.d.r.c.RepositoryConfigurationDelegate - Finished Spring Data repository scanning in 151 ms. Found 4 JPA repository interfaces.
2023-11-24 10:54:14 INFO  [main] o.s.b.w.e.tomcat.TomcatWebServer - Tomcat initialized with port(s): 8080 (http)
2023-11-24 10:54:14 INFO  [main] o.a.coyote.http11.Http11NioProtocol - Initializing ProtocolHandler ["http-nio-8080"]
2023-11-24 10:54:14 INFO  [main] o.a.catalina.core.StandardService - Starting service [Tomcat]
2023-11-24 10:54:14 INFO  [main] o.a.catalina.core.StandardEngine - Starting Servlet engine: [Apache Tomcat/9.0.78]
2023-11-24 10:54:14 INFO  [main] o.a.c.c.C.[Tomcat].[localhost].[/] - Initializing Spring embedded WebApplicationContext
2023-11-24 10:54:14 INFO  [main] o.s.b.w.s.c.ServletWebServerApplicationContext - Root WebApplicationContext: initialization completed in 3038 ms
2023-11-24 10:54:15 INFO  [main] o.h.jpa.internal.util.LogHelper - HHH000204: Processing PersistenceUnitInfo [name: default]
2023-11-24 10:54:15 INFO  [main] org.hibernate.Version - HHH000412: Hibernate ORM core version 5.6.15.Final
2023-11-24 10:54:15 INFO  [main] o.h.annotations.common.Version - HCANN000001: Hibernate Commons Annotations {5.1.2.Final}
2023-11-24 10:54:15 INFO  [main] com.zaxxer.hikari.HikariDataSource - ems - Starting...
2023-11-24 10:54:16 INFO  [main] com.zaxxer.hikari.HikariDataSource - ems - Start completed.
2023-11-24 10:54:16 INFO  [main] org.hibernate.dialect.Dialect - HHH000400: Using dialect: org.hibernate.dialect.PostgreSQLDialect
2023-11-24 10:54:17 INFO  [main] o.h.e.t.j.p.i.JtaPlatformInitiator - HHH000490: Using JtaPlatform implementation: [org.hibernate.engine.transaction.jta.platform.internal.NoJtaPlatform]
2023-11-24 10:54:17 INFO  [main] o.s.o.j.LocalContainerEntityManagerFactoryBean - Initialized JPA EntityManagerFactory for persistence unit 'default'
2023-11-24 10:54:19 INFO  [main] o.s.s.web.DefaultSecurityFilterChain - Will secure any request with [org.springframework.security.web.session.DisableEncodeUrlFilter@a20898c, org.springframework.security.web.context.request.async.WebAsyncManagerIntegrationFilter@5dff108c, org.springframework.security.web.context.SecurityContextPersistenceFilter@7f2542f, org.springframework.security.web.header.HeaderWriterFilter@5d515e2c, org.springframework.security.web.authentication.logout.LogoutFilter@95f1422, xyz.aqlabs.ems.security.JwtAuthenticationFilter@22846a1d, org.springframework.security.web.savedrequest.RequestCacheAwareFilter@301f9aa0, org.springframework.security.web.servletapi.SecurityContextHolderAwareRequestFilter@2f82e3cf, org.springframework.security.web.authentication.AnonymousAuthenticationFilter@22d47f09, org.springframework.security.web.session.SessionManagementFilter@1e749235, org.springframework.security.web.access.ExceptionTranslationFilter@2ad6895a, org.springframework.security.web.access.intercept.FilterSecurityInterceptor@42ac309]
2023-11-24 10:54:19 WARN  [main] o.s.b.a.o.j.JpaBaseConfiguration$JpaWebConfiguration - spring.jpa.open-in-view is enabled by default. Therefore, database queries may be performed during view rendering. Explicitly configure spring.jpa.open-in-view to disable this warning
2023-11-24 10:54:20 INFO  [main] o.a.coyote.http11.Http11NioProtocol - Starting ProtocolHandler ["http-nio-8080"]
2023-11-24 10:54:20 INFO  [main] o.s.b.w.e.tomcat.TomcatWebServer - Tomcat started on port(s): 8080 (http) with context path ''
2023-11-24 10:54:20 INFO  [main] xyz.aqlabs.ems.EmsApplication - Started EmsApplication in 9.614 seconds (JVM running for 10.857)
2023-11-24 10:54:24 INFO  [http-nio-8080-exec-1] o.a.c.c.C.[Tomcat].[localhost].[/] - Initializing Spring DispatcherServlet 'dispatcherServlet'
2023-11-24 10:54:24 INFO  [http-nio-8080-exec-1] o.s.web.servlet.DispatcherServlet - Initializing Servlet 'dispatcherServlet'
2023-11-24 10:54:24 INFO  [http-nio-8080-exec-1] o.s.web.servlet.DispatcherServlet - Completed initialization in 3 ms
2023-11-24 10:54:25 WARN  [http-nio-8080-exec-4] o.s.w.s.m.s.DefaultHandlerExceptionResolver - Resolved [org.springframework.web.HttpRequestMethodNotSupportedException: Request method 'GET' not supported]
2023-11-24 10:54:29 WARN  [http-nio-8080-exec-10] o.s.w.s.m.s.DefaultHandlerExceptionResolver - Resolved [org.springframework.web.HttpRequestMethodNotSupportedException: Request method 'GET' not supported]
2023-11-24 10:56:27 INFO  [SpringApplicationShutdownHook] o.s.o.j.LocalContainerEntityManagerFactoryBean - Closing JPA EntityManagerFactory for persistence unit 'default'
2023-11-24 10:56:27 INFO  [SpringApplicationShutdownHook] com.zaxxer.hikari.HikariDataSource - ems - Shutdown initiated...
2023-11-24 10:56:27 INFO  [SpringApplicationShutdownHook] com.zaxxer.hikari.HikariDataSource - ems - Shutdown completed.
2023-11-24 10:57:56 INFO  [main] xyz.aqlabs.ems.EmsApplication - Starting EmsApplication using Java 19.0.2 on lcastaa-laptop with PID 8534 (/home/luis/Documents/Java Projects/employee-management-system/target/classes started by luis in /home/luis/Documents/Java Projects/employee-management-system)
2023-11-24 10:57:56 INFO  [main] xyz.aqlabs.ems.EmsApplication - No active profile set, falling back to 1 default profile: "default"
2023-11-24 10:57:58 INFO  [main] o.s.d.r.c.RepositoryConfigurationDelegate - Bootstrapping Spring Data JPA repositories in DEFAULT mode.
2023-11-24 10:57:58 INFO  [main] o.s.d.r.c.RepositoryConfigurationDelegate - Finished Spring Data repository scanning in 164 ms. Found 4 JPA repository interfaces.
2023-11-24 10:57:59 INFO  [main] o.s.b.w.e.tomcat.TomcatWebServer - Tomcat initialized with port(s): 8080 (http)
2023-11-24 10:57:59 INFO  [main] o.a.coyote.http11.Http11NioProtocol - Initializing ProtocolHandler ["http-nio-8080"]
2023-11-24 10:57:59 INFO  [main] o.a.catalina.core.StandardService - Starting service [Tomcat]
2023-11-24 10:57:59 INFO  [main] o.a.catalina.core.StandardEngine - Starting Servlet engine: [Apache Tomcat/9.0.78]
2023-11-24 10:57:59 INFO  [main] o.a.c.c.C.[Tomcat].[localhost].[/] - Initializing Spring embedded WebApplicationContext
2023-11-24 10:57:59 INFO  [main] o.s.b.w.s.c.ServletWebServerApplicationContext - Root WebApplicationContext: initialization completed in 2884 ms
2023-11-24 10:58:00 INFO  [main] o.h.jpa.internal.util.LogHelper - HHH000204: Processing PersistenceUnitInfo [name: default]
2023-11-24 10:58:00 INFO  [main] org.hibernate.Version - HHH000412: Hibernate ORM core version 5.6.15.Final
2023-11-24 10:58:00 INFO  [main] o.h.annotations.common.Version - HCANN000001: Hibernate Commons Annotations {5.1.2.Final}
2023-11-24 10:58:00 INFO  [main] com.zaxxer.hikari.HikariDataSource - ems - Starting...
2023-11-24 10:58:01 INFO  [main] com.zaxxer.hikari.HikariDataSource - ems - Start completed.
2023-11-24 10:58:01 INFO  [main] org.hibernate.dialect.Dialect - HHH000400: Using dialect: org.hibernate.dialect.PostgreSQLDialect
2023-11-24 10:58:02 INFO  [main] o.h.e.t.j.p.i.JtaPlatformInitiator - HHH000490: Using JtaPlatform implementation: [org.hibernate.engine.transaction.jta.platform.internal.NoJtaPlatform]
2023-11-24 10:58:02 INFO  [main] o.s.o.j.LocalContainerEntityManagerFactoryBean - Initialized JPA EntityManagerFactory for persistence unit 'default'
2023-11-24 10:58:04 INFO  [main] o.s.s.web.DefaultSecurityFilterChain - Will secure any request with [org.springframework.security.web.session.DisableEncodeUrlFilter@5dff108c, org.springframework.security.web.context.request.async.WebAsyncManagerIntegrationFilter@22d47f09, org.springframework.security.web.context.SecurityContextPersistenceFilter@3dad8bde, org.springframework.security.web.header.HeaderWriterFilter@53b8a0f7, org.springframework.security.web.authentication.logout.LogoutFilter@31b7112d, xyz.aqlabs.ems.security.JwtAuthenticationFilter@464d60fb, org.springframework.security.web.savedrequest.RequestCacheAwareFilter@2f82e3cf, org.springframework.security.web.servletapi.SecurityContextHolderAwareRequestFilter@3a44993c, org.springframework.security.web.authentication.AnonymousAuthenticationFilter@28100232, org.springframework.security.web.session.SessionManagementFilter@870a9f2, org.springframework.security.web.access.ExceptionTranslationFilter@10e4cc6, org.springframework.security.web.access.intercept.FilterSecurityInterceptor@4b4228cf]
2023-11-24 10:58:04 WARN  [main] o.s.b.a.o.j.JpaBaseConfiguration$JpaWebConfiguration - spring.jpa.open-in-view is enabled by default. Therefore, database queries may be performed during view rendering. Explicitly configure spring.jpa.open-in-view to disable this warning
2023-11-24 10:58:05 INFO  [main] o.a.coyote.http11.Http11NioProtocol - Starting ProtocolHandler ["http-nio-8080"]
2023-11-24 10:58:05 INFO  [main] o.s.b.w.e.tomcat.TomcatWebServer - Tomcat started on port(s): 8080 (http) with context path ''
2023-11-24 10:58:05 INFO  [main] xyz.aqlabs.ems.EmsApplication - Started EmsApplication in 9.62 seconds (JVM running for 10.775)
2023-11-24 10:58:10 INFO  [http-nio-8080-exec-1] o.a.c.c.C.[Tomcat].[localhost].[/] - Initializing Spring DispatcherServlet 'dispatcherServlet'
2023-11-24 10:58:10 INFO  [http-nio-8080-exec-1] o.s.web.servlet.DispatcherServlet - Initializing Servlet 'dispatcherServlet'
2023-11-24 10:58:10 INFO  [http-nio-8080-exec-1] o.s.web.servlet.DispatcherServlet - Completed initialization in 7 ms
2023-11-24 11:00:14 INFO  [SpringApplicationShutdownHook] o.s.o.j.LocalContainerEntityManagerFactoryBean - Closing JPA EntityManagerFactory for persistence unit 'default'
2023-11-24 11:00:14 INFO  [SpringApplicationShutdownHook] com.zaxxer.hikari.HikariDataSource - ems - Shutdown initiated...
2023-11-24 11:00:14 INFO  [SpringApplicationShutdownHook] com.zaxxer.hikari.HikariDataSource - ems - Shutdown completed.
2023-11-24 11:01:16 INFO  [main] xyz.aqlabs.ems.EmsApplication - Starting EmsApplication using Java 19.0.2 on lcastaa-laptop with PID 8905 (/home/luis/Documents/Java Projects/employee-management-system/target/classes started by luis in /home/luis/Documents/Java Projects/employee-management-system)
2023-11-24 11:01:16 INFO  [main] xyz.aqlabs.ems.EmsApplication - No active profile set, falling back to 1 default profile: "default"
2023-11-24 11:01:17 INFO  [main] o.s.d.r.c.RepositoryConfigurationDelegate - Bootstrapping Spring Data JPA repositories in DEFAULT mode.
2023-11-24 11:01:17 INFO  [main] o.s.d.r.c.RepositoryConfigurationDelegate - Finished Spring Data repository scanning in 160 ms. Found 4 JPA repository interfaces.
2023-11-24 11:01:19 INFO  [main] o.s.b.w.e.tomcat.TomcatWebServer - Tomcat initialized with port(s): 8080 (http)
2023-11-24 11:01:19 INFO  [main] o.a.coyote.http11.Http11NioProtocol - Initializing ProtocolHandler ["http-nio-8080"]
2023-11-24 11:01:19 INFO  [main] o.a.catalina.core.StandardService - Starting service [Tomcat]
2023-11-24 11:01:19 INFO  [main] o.a.catalina.core.StandardEngine - Starting Servlet engine: [Apache Tomcat/9.0.78]
2023-11-24 11:01:19 INFO  [main] o.a.c.c.C.[Tomcat].[localhost].[/] - Initializing Spring embedded WebApplicationContext
2023-11-24 11:01:19 INFO  [main] o.s.b.w.s.c.ServletWebServerApplicationContext - Root WebApplicationContext: initialization completed in 3054 ms
2023-11-24 11:01:19 INFO  [main] o.h.jpa.internal.util.LogHelper - HHH000204: Processing PersistenceUnitInfo [name: default]
2023-11-24 11:01:19 INFO  [main] org.hibernate.Version - HHH000412: Hibernate ORM core version 5.6.15.Final
2023-11-24 11:01:20 INFO  [main] o.h.annotations.common.Version - HCANN000001: Hibernate Commons Annotations {5.1.2.Final}
2023-11-24 11:01:20 INFO  [main] com.zaxxer.hikari.HikariDataSource - ems - Starting...
2023-11-24 11:01:20 INFO  [main] com.zaxxer.hikari.HikariDataSource - ems - Start completed.
2023-11-24 11:01:20 INFO  [main] org.hibernate.dialect.Dialect - HHH000400: Using dialect: org.hibernate.dialect.PostgreSQLDialect
2023-11-24 11:01:22 INFO  [main] o.h.e.t.j.p.i.JtaPlatformInitiator - HHH000490: Using JtaPlatform implementation: [org.hibernate.engine.transaction.jta.platform.internal.NoJtaPlatform]
2023-11-24 11:01:22 INFO  [main] o.s.o.j.LocalContainerEntityManagerFactoryBean - Initialized JPA EntityManagerFactory for persistence unit 'default'
2023-11-24 11:01:24 INFO  [main] o.s.s.web.DefaultSecurityFilterChain - Will secure any request with [org.springframework.security.web.session.DisableEncodeUrlFilter@22d47f09, org.springframework.security.web.context.request.async.WebAsyncManagerIntegrationFilter@28100232, org.springframework.security.web.context.SecurityContextPersistenceFilter@301f9aa0, org.springframework.security.web.header.HeaderWriterFilter@4d3a7f83, org.springframework.security.web.authentication.logout.LogoutFilter@47fc9ce, xyz.aqlabs.ems.security.JwtAuthenticationFilter@22846a1d, org.springframework.security.web.savedrequest.RequestCacheAwareFilter@3a44993c, org.springframework.security.web.servletapi.SecurityContextHolderAwareRequestFilter@6b6606d1, org.springframework.security.web.authentication.AnonymousAuthenticationFilter@26728255, org.springframework.security.web.session.SessionManagementFilter@6c2e7591, org.springframework.security.web.access.ExceptionTranslationFilter@5d515e2c, org.springframework.security.web.access.intercept.FilterSecurityInterceptor@7d216ee8]
2023-11-24 11:01:24 WARN  [main] o.s.b.a.o.j.JpaBaseConfiguration$JpaWebConfiguration - spring.jpa.open-in-view is enabled by default. Therefore, database queries may be performed during view rendering. Explicitly configure spring.jpa.open-in-view to disable this warning
2023-11-24 11:01:25 INFO  [main] o.a.coyote.http11.Http11NioProtocol - Starting ProtocolHandler ["http-nio-8080"]
2023-11-24 11:01:25 INFO  [main] o.s.b.w.e.tomcat.TomcatWebServer - Tomcat started on port(s): 8080 (http) with context path ''
2023-11-24 11:01:26 INFO  [main] xyz.aqlabs.ems.EmsApplication - Started EmsApplication in 10.829 seconds (JVM running for 12.046)
2023-11-24 11:01:30 INFO  [http-nio-8080-exec-1] o.a.c.c.C.[Tomcat].[localhost].[/] - Initializing Spring DispatcherServlet 'dispatcherServlet'
2023-11-24 11:01:30 INFO  [http-nio-8080-exec-1] o.s.web.servlet.DispatcherServlet - Initializing Servlet 'dispatcherServlet'
2023-11-24 11:01:30 INFO  [http-nio-8080-exec-1] o.s.web.servlet.DispatcherServlet - Completed initialization in 3 ms
2023-11-24 11:01:59 INFO  [SpringApplicationShutdownHook] o.s.o.j.LocalContainerEntityManagerFactoryBean - Closing JPA EntityManagerFactory for persistence unit 'default'
2023-11-24 11:01:59 INFO  [SpringApplicationShutdownHook] com.zaxxer.hikari.HikariDataSource - ems - Shutdown initiated...
2023-11-24 11:01:59 INFO  [SpringApplicationShutdownHook] com.zaxxer.hikari.HikariDataSource - ems - Shutdown completed.
2023-11-24 11:05:13 INFO  [main] xyz.aqlabs.ems.EmsApplication - Starting EmsApplication using Java 19.0.2 on lcastaa-laptop with PID 9239 (/home/luis/Documents/Java Projects/employee-management-system/target/classes started by luis in /home/luis/Documents/Java Projects/employee-management-system)
2023-11-24 11:05:13 INFO  [main] xyz.aqlabs.ems.EmsApplication - No active profile set, falling back to 1 default profile: "default"
2023-11-24 11:05:15 INFO  [main] o.s.d.r.c.RepositoryConfigurationDelegate - Bootstrapping Spring Data JPA repositories in DEFAULT mode.
2023-11-24 11:05:15 INFO  [main] o.s.d.r.c.RepositoryConfigurationDelegate - Finished Spring Data repository scanning in 146 ms. Found 4 JPA repository interfaces.
2023-11-24 11:05:16 INFO  [main] o.s.b.w.e.tomcat.TomcatWebServer - Tomcat initialized with port(s): 8080 (http)
2023-11-24 11:05:16 INFO  [main] o.a.coyote.http11.Http11NioProtocol - Initializing ProtocolHandler ["http-nio-8080"]
2023-11-24 11:05:16 INFO  [main] o.a.catalina.core.StandardService - Starting service [Tomcat]
2023-11-24 11:05:16 INFO  [main] o.a.catalina.core.StandardEngine - Starting Servlet engine: [Apache Tomcat/9.0.78]
2023-11-24 11:05:17 INFO  [main] o.a.c.c.C.[Tomcat].[localhost].[/] - Initializing Spring embedded WebApplicationContext
2023-11-24 11:05:17 INFO  [main] o.s.b.w.s.c.ServletWebServerApplicationContext - Root WebApplicationContext: initialization completed in 3025 ms
2023-11-24 11:05:17 INFO  [main] o.h.jpa.internal.util.LogHelper - HHH000204: Processing PersistenceUnitInfo [name: default]
2023-11-24 11:05:17 INFO  [main] org.hibernate.Version - HHH000412: Hibernate ORM core version 5.6.15.Final
2023-11-24 11:05:17 INFO  [main] o.h.annotations.common.Version - HCANN000001: Hibernate Commons Annotations {5.1.2.Final}
2023-11-24 11:05:18 INFO  [main] com.zaxxer.hikari.HikariDataSource - ems - Starting...
2023-11-24 11:05:18 INFO  [main] com.zaxxer.hikari.HikariDataSource - ems - Start completed.
2023-11-24 11:05:18 INFO  [main] org.hibernate.dialect.Dialect - HHH000400: Using dialect: org.hibernate.dialect.PostgreSQLDialect
2023-11-24 11:05:20 INFO  [main] o.h.e.t.j.p.i.JtaPlatformInitiator - HHH000490: Using JtaPlatform implementation: [org.hibernate.engine.transaction.jta.platform.internal.NoJtaPlatform]
2023-11-24 11:05:20 INFO  [main] o.s.o.j.LocalContainerEntityManagerFactoryBean - Initialized JPA EntityManagerFactory for persistence unit 'default'
2023-11-24 11:05:21 INFO  [main] o.s.s.web.DefaultSecurityFilterChain - Will secure any request with [org.springframework.security.web.session.DisableEncodeUrlFilter@110318a7, org.springframework.security.web.context.request.async.WebAsyncManagerIntegrationFilter@42ac309, org.springframework.security.web.context.SecurityContextPersistenceFilter@542754be, org.springframework.security.web.header.HeaderWriterFilter@4866a755, org.springframework.security.web.authentication.logout.LogoutFilter@23cb8fcb, xyz.aqlabs.ems.security.JwtAuthenticationFilter@21f479cd, org.springframework.security.web.savedrequest.RequestCacheAwareFilter@f833223, org.springframework.security.web.servletapi.SecurityContextHolderAwareRequestFilter@5186b78a, org.springframework.security.web.authentication.AnonymousAuthenticationFilter@4b4228cf, org.springframework.security.web.session.SessionManagementFilter@6956eb58, org.springframework.security.web.access.ExceptionTranslationFilter@52fe87e0, org.springframework.security.web.access.intercept.FilterSecurityInterceptor@3741071d]
2023-11-24 11:05:21 WARN  [main] o.s.b.a.o.j.JpaBaseConfiguration$JpaWebConfiguration - spring.jpa.open-in-view is enabled by default. Therefore, database queries may be performed during view rendering. Explicitly configure spring.jpa.open-in-view to disable this warning
2023-11-24 11:05:22 INFO  [main] o.a.coyote.http11.Http11NioProtocol - Starting ProtocolHandler ["http-nio-8080"]
2023-11-24 11:05:22 INFO  [main] o.s.b.w.e.tomcat.TomcatWebServer - Tomcat started on port(s): 8080 (http) with context path ''
2023-11-24 11:05:22 INFO  [main] xyz.aqlabs.ems.EmsApplication - Started EmsApplication in 9.648 seconds (JVM running for 10.718)
2023-11-24 11:05:28 INFO  [http-nio-8080-exec-1] o.a.c.c.C.[Tomcat].[localhost].[/] - Initializing Spring DispatcherServlet 'dispatcherServlet'
2023-11-24 11:05:28 INFO  [http-nio-8080-exec-1] o.s.web.servlet.DispatcherServlet - Initializing Servlet 'dispatcherServlet'
2023-11-24 11:05:28 INFO  [http-nio-8080-exec-1] o.s.web.servlet.DispatcherServlet - Completed initialization in 3 ms
2023-11-24 11:11:20 INFO  [SpringApplicationShutdownHook] o.s.o.j.LocalContainerEntityManagerFactoryBean - Closing JPA EntityManagerFactory for persistence unit 'default'
2023-11-24 11:11:20 INFO  [SpringApplicationShutdownHook] com.zaxxer.hikari.HikariDataSource - ems - Shutdown initiated...
2023-11-24 11:11:20 INFO  [SpringApplicationShutdownHook] com.zaxxer.hikari.HikariDataSource - ems - Shutdown completed.
2023-11-24 11:11:27 INFO  [main] xyz.aqlabs.ems.EmsApplication - Starting EmsApplication using Java 19.0.2 on lcastaa-laptop with PID 9723 (/home/luis/Documents/Java Projects/employee-management-system/target/classes started by luis in /home/luis/Documents/Java Projects/employee-management-system)
2023-11-24 11:11:27 INFO  [main] xyz.aqlabs.ems.EmsApplication - No active profile set, falling back to 1 default profile: "default"
2023-11-24 11:11:29 INFO  [main] o.s.d.r.c.RepositoryConfigurationDelegate - Bootstrapping Spring Data JPA repositories in DEFAULT mode.
2023-11-24 11:11:29 INFO  [main] o.s.d.r.c.RepositoryConfigurationDelegate - Finished Spring Data repository scanning in 173 ms. Found 4 JPA repository interfaces.
2023-11-24 11:11:31 INFO  [main] o.s.b.w.e.tomcat.TomcatWebServer - Tomcat initialized with port(s): 8080 (http)
2023-11-24 11:11:31 INFO  [main] o.s.b.w.s.c.ServletWebServerApplicationContext - Root WebApplicationContext: initialization completed in 3447 ms
2023-11-24 11:11:31 INFO  [main] o.h.jpa.internal.util.LogHelper - HHH000204: Processing PersistenceUnitInfo [name: default]
2023-11-24 11:11:31 INFO  [main] org.hibernate.Version - HHH000412: Hibernate ORM core version 5.6.15.Final
2023-11-24 11:11:32 INFO  [main] o.h.annotations.common.Version - HCANN000001: Hibernate Commons Annotations {5.1.2.Final}
2023-11-24 11:11:32 INFO  [main] com.zaxxer.hikari.HikariDataSource - ems - Starting...
2023-11-24 11:11:32 INFO  [main] com.zaxxer.hikari.HikariDataSource - ems - Start completed.
2023-11-24 11:11:32 INFO  [main] org.hibernate.dialect.Dialect - HHH000400: Using dialect: org.hibernate.dialect.PostgreSQLDialect
2023-11-24 11:11:34 INFO  [main] o.h.e.t.j.p.i.JtaPlatformInitiator - HHH000490: Using JtaPlatform implementation: [org.hibernate.engine.transaction.jta.platform.internal.NoJtaPlatform]
2023-11-24 11:11:34 INFO  [main] o.s.o.j.LocalContainerEntityManagerFactoryBean - Initialized JPA EntityManagerFactory for persistence unit 'default'
2023-11-24 11:11:35 INFO  [main] o.s.s.web.DefaultSecurityFilterChain - Will secure any request with [org.springframework.security.web.session.DisableEncodeUrlFilter@7607340f, org.springframework.security.web.context.request.async.WebAsyncManagerIntegrationFilter@f472245, org.springframework.security.web.context.SecurityContextPersistenceFilter@7fff419d, org.springframework.security.web.header.HeaderWriterFilter@52fe87e0, org.springframework.security.web.authentication.logout.LogoutFilter@10d97b64, xyz.aqlabs.ems.security.JwtAuthenticationFilter@1e14b269, org.springframework.security.web.savedrequest.RequestCacheAwareFilter@542754be, org.springframework.security.web.servletapi.SecurityContextHolderAwareRequestFilter@af57949, org.springframework.security.web.authentication.AnonymousAuthenticationFilter@110318a7, org.springframework.security.web.session.SessionManagementFilter@4d3a7f83, org.springframework.security.web.access.ExceptionTranslationFilter@73818435, org.springframework.security.web.access.intercept.FilterSecurityInterceptor@289cf7db]
2023-11-24 11:11:35 WARN  [main] o.s.b.a.o.j.JpaBaseConfiguration$JpaWebConfiguration - spring.jpa.open-in-view is enabled by default. Therefore, database queries may be performed during view rendering. Explicitly configure spring.jpa.open-in-view to disable this warning
2023-11-24 11:11:36 INFO  [main] o.s.b.w.e.tomcat.TomcatWebServer - Tomcat started on port(s): 8080 (http) with context path ''
2023-11-24 11:11:36 INFO  [main] xyz.aqlabs.ems.EmsApplication - Started EmsApplication in 10.016 seconds (JVM running for 11.687)
2023-11-24 11:11:36 INFO  [SpringApplicationShutdownHook] o.s.o.j.LocalContainerEntityManagerFactoryBean - Closing JPA EntityManagerFactory for persistence unit 'default'
2023-11-24 11:11:36 INFO  [SpringApplicationShutdownHook] com.zaxxer.hikari.HikariDataSource - ems - Shutdown initiated...
2023-11-24 11:11:36 INFO  [SpringApplicationShutdownHook] com.zaxxer.hikari.HikariDataSource - ems - Shutdown completed.
2023-11-24 11:11:42 INFO  [main] xyz.aqlabs.ems.EmsApplication - Starting EmsApplication using Java 19.0.2 on lcastaa-laptop with PID 9845 (/home/luis/Documents/Java Projects/employee-management-system/target/classes started by luis in /home/luis/Documents/Java Projects/employee-management-system)
2023-11-24 11:11:42 INFO  [main] xyz.aqlabs.ems.EmsApplication - No active profile set, falling back to 1 default profile: "default"
2023-11-24 11:11:44 INFO  [main] o.s.d.r.c.RepositoryConfigurationDelegate - Bootstrapping Spring Data JPA repositories in DEFAULT mode.
2023-11-24 11:11:44 INFO  [main] o.s.d.r.c.RepositoryConfigurationDelegate - Finished Spring Data repository scanning in 151 ms. Found 4 JPA repository interfaces.
2023-11-24 11:11:45 INFO  [main] o.s.b.w.e.tomcat.TomcatWebServer - Tomcat initialized with port(s): 8080 (http)
2023-11-24 11:11:45 INFO  [main] o.a.coyote.http11.Http11NioProtocol - Initializing ProtocolHandler ["http-nio-8080"]
2023-11-24 11:11:45 INFO  [main] o.a.catalina.core.StandardService - Starting service [Tomcat]
2023-11-24 11:11:45 INFO  [main] o.a.catalina.core.StandardEngine - Starting Servlet engine: [Apache Tomcat/9.0.78]
2023-11-24 11:11:45 INFO  [main] o.a.c.c.C.[Tomcat].[localhost].[/] - Initializing Spring embedded WebApplicationContext
2023-11-24 11:11:45 INFO  [main] o.s.b.w.s.c.ServletWebServerApplicationContext - Root WebApplicationContext: initialization completed in 2880 ms
2023-11-24 11:11:46 INFO  [main] o.h.jpa.internal.util.LogHelper - HHH000204: Processing PersistenceUnitInfo [name: default]
2023-11-24 11:11:46 INFO  [main] org.hibernate.Version - HHH000412: Hibernate ORM core version 5.6.15.Final
2023-11-24 11:11:46 INFO  [main] o.h.annotations.common.Version - HCANN000001: Hibernate Commons Annotations {5.1.2.Final}
2023-11-24 11:11:46 INFO  [main] com.zaxxer.hikari.HikariDataSource - ems - Starting...
2023-11-24 11:11:47 INFO  [main] com.zaxxer.hikari.HikariDataSource - ems - Start completed.
2023-11-24 11:11:47 INFO  [main] org.hibernate.dialect.Dialect - HHH000400: Using dialect: org.hibernate.dialect.PostgreSQLDialect
2023-11-24 11:11:49 INFO  [main] o.h.e.t.j.p.i.JtaPlatformInitiator - HHH000490: Using JtaPlatform implementation: [org.hibernate.engine.transaction.jta.platform.internal.NoJtaPlatform]
2023-11-24 11:11:49 INFO  [main] o.s.o.j.LocalContainerEntityManagerFactoryBean - Initialized JPA EntityManagerFactory for persistence unit 'default'
2023-11-24 11:11:50 INFO  [main] o.s.s.web.DefaultSecurityFilterChain - Will secure any request with [org.springframework.security.web.session.DisableEncodeUrlFilter@22d47f09, org.springframework.security.web.context.request.async.WebAsyncManagerIntegrationFilter@28100232, org.springframework.security.web.context.SecurityContextPersistenceFilter@301f9aa0, org.springframework.security.web.header.HeaderWriterFilter@4d3a7f83, org.springframework.security.web.authentication.logout.LogoutFilter@47fc9ce, xyz.aqlabs.ems.security.JwtAuthenticationFilter@2de96eba, org.springframework.security.web.savedrequest.RequestCacheAwareFilter@3a44993c, org.springframework.security.web.servletapi.SecurityContextHolderAwareRequestFilter@6b6606d1, org.springframework.security.web.authentication.AnonymousAuthenticationFilter@26728255, org.springframework.security.web.session.SessionManagementFilter@6c2e7591, org.springframework.security.web.access.ExceptionTranslationFilter@5d515e2c, org.springframework.security.web.access.intercept.FilterSecurityInterceptor@7d216ee8]
2023-11-24 11:11:50 WARN  [main] o.s.b.a.o.j.JpaBaseConfiguration$JpaWebConfiguration - spring.jpa.open-in-view is enabled by default. Therefore, database queries may be performed during view rendering. Explicitly configure spring.jpa.open-in-view to disable this warning
2023-11-24 11:11:51 INFO  [main] o.a.coyote.http11.Http11NioProtocol - Starting ProtocolHandler ["http-nio-8080"]
2023-11-24 11:11:51 INFO  [main] o.s.b.w.e.tomcat.TomcatWebServer - Tomcat started on port(s): 8080 (http) with context path ''
2023-11-24 11:11:51 INFO  [main] xyz.aqlabs.ems.EmsApplication - Started EmsApplication in 9.323 seconds (JVM running for 10.407)
2023-11-24 11:11:59 INFO  [http-nio-8080-exec-1] o.a.c.c.C.[Tomcat].[localhost].[/] - Initializing Spring DispatcherServlet 'dispatcherServlet'
2023-11-24 11:11:59 INFO  [http-nio-8080-exec-1] o.s.web.servlet.DispatcherServlet - Initializing Servlet 'dispatcherServlet'
2023-11-24 11:11:59 INFO  [http-nio-8080-exec-1] o.s.web.servlet.DispatcherServlet - Completed initialization in 4 ms
2023-11-24 11:13:04 INFO  [SpringApplicationShutdownHook] o.s.o.j.LocalContainerEntityManagerFactoryBean - Closing JPA EntityManagerFactory for persistence unit 'default'
2023-11-24 11:13:04 INFO  [SpringApplicationShutdownHook] com.zaxxer.hikari.HikariDataSource - ems - Shutdown initiated...
2023-11-24 11:13:04 INFO  [SpringApplicationShutdownHook] com.zaxxer.hikari.HikariDataSource - ems - Shutdown completed.
2023-11-24 11:13:10 INFO  [main] xyz.aqlabs.ems.EmsApplication - Starting EmsApplication using Java 19.0.2 on lcastaa-laptop with PID 10042 (/home/luis/Documents/Java Projects/employee-management-system/target/classes started by luis in /home/luis/Documents/Java Projects/employee-management-system)
2023-11-24 11:13:10 INFO  [main] xyz.aqlabs.ems.EmsApplication - No active profile set, falling back to 1 default profile: "default"
2023-11-24 11:13:11 INFO  [main] o.s.d.r.c.RepositoryConfigurationDelegate - Bootstrapping Spring Data JPA repositories in DEFAULT mode.
2023-11-24 11:13:11 INFO  [main] o.s.d.r.c.RepositoryConfigurationDelegate - Finished Spring Data repository scanning in 136 ms. Found 4 JPA repository interfaces.
2023-11-24 11:13:13 INFO  [main] o.s.b.w.e.tomcat.TomcatWebServer - Tomcat initialized with port(s): 8080 (http)
2023-11-24 11:13:13 INFO  [main] o.a.coyote.http11.Http11NioProtocol - Initializing ProtocolHandler ["http-nio-8080"]
2023-11-24 11:13:13 INFO  [main] o.a.catalina.core.StandardService - Starting service [Tomcat]
2023-11-24 11:13:13 INFO  [main] o.a.catalina.core.StandardEngine - Starting Servlet engine: [Apache Tomcat/9.0.78]
2023-11-24 11:13:13 INFO  [main] o.a.c.c.C.[Tomcat].[localhost].[/] - Initializing Spring embedded WebApplicationContext
2023-11-24 11:13:13 INFO  [main] o.s.b.w.s.c.ServletWebServerApplicationContext - Root WebApplicationContext: initialization completed in 2990 ms
2023-11-24 11:13:13 INFO  [main] o.h.jpa.internal.util.LogHelper - HHH000204: Processing PersistenceUnitInfo [name: default]
2023-11-24 11:13:13 INFO  [main] org.hibernate.Version - HHH000412: Hibernate ORM core version 5.6.15.Final
2023-11-24 11:13:14 INFO  [main] o.h.annotations.common.Version - HCANN000001: Hibernate Commons Annotations {5.1.2.Final}
2023-11-24 11:13:14 INFO  [main] com.zaxxer.hikari.HikariDataSource - ems - Starting...
2023-11-24 11:13:14 INFO  [main] com.zaxxer.hikari.HikariDataSource - ems - Start completed.
2023-11-24 11:13:14 INFO  [main] org.hibernate.dialect.Dialect - HHH000400: Using dialect: org.hibernate.dialect.PostgreSQLDialect
2023-11-24 11:13:16 INFO  [main] o.h.e.t.j.p.i.JtaPlatformInitiator - HHH000490: Using JtaPlatform implementation: [org.hibernate.engine.transaction.jta.platform.internal.NoJtaPlatform]
2023-11-24 11:13:16 INFO  [main] o.s.o.j.LocalContainerEntityManagerFactoryBean - Initialized JPA EntityManagerFactory for persistence unit 'default'
2023-11-24 11:13:17 INFO  [main] o.s.s.web.DefaultSecurityFilterChain - Will secure any request with [org.springframework.security.web.session.DisableEncodeUrlFilter@42ac309, org.springframework.security.web.context.request.async.WebAsyncManagerIntegrationFilter@4b4228cf, org.springframework.security.web.context.SecurityContextPersistenceFilter@af57949, org.springframework.security.web.header.HeaderWriterFilter@1361e880, org.springframework.security.web.authentication.logout.LogoutFilter@25a2f432, xyz.aqlabs.ems.security.JwtAuthenticationFilter@4cefa0be, org.springframework.security.web.savedrequest.RequestCacheAwareFilter@5186b78a, org.springframework.security.web.servletapi.SecurityContextHolderAwareRequestFilter@3f6a9ba0, org.springframework.security.web.authentication.AnonymousAuthenticationFilter@7d216ee8, org.springframework.security.web.session.SessionManagementFilter@7fff419d, org.springframework.security.web.access.ExceptionTranslationFilter@37393dab, org.springframework.security.web.access.intercept.FilterSecurityInterceptor@351d726c]
2023-11-24 11:13:18 WARN  [main] o.s.b.a.o.j.JpaBaseConfiguration$JpaWebConfiguration - spring.jpa.open-in-view is enabled by default. Therefore, database queries may be performed during view rendering. Explicitly configure spring.jpa.open-in-view to disable this warning
2023-11-24 11:13:18 INFO  [main] o.a.coyote.http11.Http11NioProtocol - Starting ProtocolHandler ["http-nio-8080"]
2023-11-24 11:13:18 INFO  [main] o.s.b.w.e.tomcat.TomcatWebServer - Tomcat started on port(s): 8080 (http) with context path ''
2023-11-24 11:13:18 INFO  [main] xyz.aqlabs.ems.EmsApplication - Started EmsApplication in 9.725 seconds (JVM running for 10.89)
2023-11-24 11:13:33 INFO  [http-nio-8080-exec-1] o.a.c.c.C.[Tomcat].[localhost].[/] - Initializing Spring DispatcherServlet 'dispatcherServlet'
2023-11-24 11:13:33 INFO  [http-nio-8080-exec-1] o.s.web.servlet.DispatcherServlet - Initializing Servlet 'dispatcherServlet'
2023-11-24 11:13:33 INFO  [http-nio-8080-exec-1] o.s.web.servlet.DispatcherServlet - Completed initialization in 3 ms
2023-11-24 11:15:25 INFO  [SpringApplicationShutdownHook] o.s.o.j.LocalContainerEntityManagerFactoryBean - Closing JPA EntityManagerFactory for persistence unit 'default'
2023-11-24 11:15:25 INFO  [SpringApplicationShutdownHook] com.zaxxer.hikari.HikariDataSource - ems - Shutdown initiated...
2023-11-24 11:15:25 INFO  [SpringApplicationShutdownHook] com.zaxxer.hikari.HikariDataSource - ems - Shutdown completed.
2023-11-24 11:35:27 INFO  [main] xyz.aqlabs.ems.EmsApplication - Starting EmsApplication using Java 19.0.2 on lcastaa-laptop with PID 11561 (/home/luis/Documents/Java Projects/employee-management-system/target/classes started by luis in /home/luis/Documents/Java Projects/employee-management-system)
2023-11-24 11:35:27 INFO  [main] xyz.aqlabs.ems.EmsApplication - No active profile set, falling back to 1 default profile: "default"
2023-11-24 11:35:28 INFO  [main] o.s.d.r.c.RepositoryConfigurationDelegate - Bootstrapping Spring Data JPA repositories in DEFAULT mode.
2023-11-24 11:35:28 INFO  [main] o.s.d.r.c.RepositoryConfigurationDelegate - Finished Spring Data repository scanning in 128 ms. Found 4 JPA repository interfaces.
2023-11-24 11:35:29 INFO  [main] o.s.b.w.e.tomcat.TomcatWebServer - Tomcat initialized with port(s): 8080 (http)
2023-11-24 11:35:30 INFO  [main] o.a.coyote.http11.Http11NioProtocol - Initializing ProtocolHandler ["http-nio-8080"]
2023-11-24 11:35:30 INFO  [main] o.a.catalina.core.StandardService - Starting service [Tomcat]
2023-11-24 11:35:30 INFO  [main] o.a.catalina.core.StandardEngine - Starting Servlet engine: [Apache Tomcat/9.0.78]
2023-11-24 11:35:30 INFO  [main] o.a.c.c.C.[Tomcat].[localhost].[/] - Initializing Spring embedded WebApplicationContext
2023-11-24 11:35:30 INFO  [main] o.s.b.w.s.c.ServletWebServerApplicationContext - Root WebApplicationContext: initialization completed in 2826 ms
2023-11-24 11:35:30 INFO  [main] o.h.jpa.internal.util.LogHelper - HHH000204: Processing PersistenceUnitInfo [name: default]
2023-11-24 11:35:30 INFO  [main] org.hibernate.Version - HHH000412: Hibernate ORM core version 5.6.15.Final
2023-11-24 11:35:31 INFO  [main] o.h.annotations.common.Version - HCANN000001: Hibernate Commons Annotations {5.1.2.Final}
2023-11-24 11:35:31 INFO  [main] com.zaxxer.hikari.HikariDataSource - ems - Starting...
2023-11-24 11:35:31 INFO  [main] com.zaxxer.hikari.HikariDataSource - ems - Start completed.
2023-11-24 11:35:31 INFO  [main] org.hibernate.dialect.Dialect - HHH000400: Using dialect: org.hibernate.dialect.PostgreSQLDialect
2023-11-24 11:35:33 INFO  [main] o.h.e.t.j.p.i.JtaPlatformInitiator - HHH000490: Using JtaPlatform implementation: [org.hibernate.engine.transaction.jta.platform.internal.NoJtaPlatform]
2023-11-24 11:35:33 INFO  [main] o.s.o.j.LocalContainerEntityManagerFactoryBean - Initialized JPA EntityManagerFactory for persistence unit 'default'
2023-11-24 11:35:35 INFO  [main] o.s.s.web.DefaultSecurityFilterChain - Will secure any request with [org.springframework.security.web.session.DisableEncodeUrlFilter@5dff108c, org.springframework.security.web.context.request.async.WebAsyncManagerIntegrationFilter@22d47f09, org.springframework.security.web.context.SecurityContextPersistenceFilter@3dad8bde, org.springframework.security.web.header.HeaderWriterFilter@53b8a0f7, org.springframework.security.web.authentication.logout.LogoutFilter@31b7112d, xyz.aqlabs.ems.security.JwtAuthenticationFilter@464d60fb, org.springframework.security.web.savedrequest.RequestCacheAwareFilter@2f82e3cf, org.springframework.security.web.servletapi.SecurityContextHolderAwareRequestFilter@3a44993c, org.springframework.security.web.authentication.AnonymousAuthenticationFilter@28100232, org.springframework.security.web.session.SessionManagementFilter@870a9f2, org.springframework.security.web.access.ExceptionTranslationFilter@10e4cc6, org.springframework.security.web.access.intercept.FilterSecurityInterceptor@4b4228cf]
2023-11-24 11:35:35 WARN  [main] o.s.b.a.o.j.JpaBaseConfiguration$JpaWebConfiguration - spring.jpa.open-in-view is enabled by default. Therefore, database queries may be performed during view rendering. Explicitly configure spring.jpa.open-in-view to disable this warning
2023-11-24 11:35:36 INFO  [main] o.a.coyote.http11.Http11NioProtocol - Starting ProtocolHandler ["http-nio-8080"]
2023-11-24 11:35:36 INFO  [main] o.s.b.w.e.tomcat.TomcatWebServer - Tomcat started on port(s): 8080 (http) with context path ''
2023-11-24 11:35:36 INFO  [main] xyz.aqlabs.ems.EmsApplication - Started EmsApplication in 10.419 seconds (JVM running for 11.635)
2023-11-24 11:35:50 INFO  [http-nio-8080-exec-1] o.a.c.c.C.[Tomcat].[localhost].[/] - Initializing Spring DispatcherServlet 'dispatcherServlet'
2023-11-24 11:35:50 INFO  [http-nio-8080-exec-1] o.s.web.servlet.DispatcherServlet - Initializing Servlet 'dispatcherServlet'
2023-11-24 11:35:50 INFO  [http-nio-8080-exec-1] o.s.web.servlet.DispatcherServlet - Completed initialization in 4 ms
2023-11-24 11:35:50 ERROR [http-nio-8080-exec-1] o.a.c.c.C.[.[.[.[dispatcherServlet] - Servlet.service() for servlet [dispatcherServlet] in context with path [] threw exception [Request processing failed; nested exception is java.lang.ArrayIndexOutOfBoundsException: Index 1 out of bounds for length 1] with root cause
java.lang.ArrayIndexOutOfBoundsException: Index 1 out of bounds for length 1
	at xyz.aqlabs.ems.controller.TimeCardController.getTimeCardsByParams(TimeCardController.java:61)
	at java.base/jdk.internal.reflect.DirectMethodHandleAccessor.invoke(DirectMethodHandleAccessor.java:104)
	at java.base/java.lang.reflect.Method.invoke(Method.java:578)
	at org.springframework.web.method.support.InvocableHandlerMethod.doInvoke(InvocableHandlerMethod.java:205)
	at org.springframework.web.method.support.InvocableHandlerMethod.invokeForRequest(InvocableHandlerMethod.java:150)
	at org.springframework.web.servlet.mvc.method.annotation.ServletInvocableHandlerMethod.invokeAndHandle(ServletInvocableHandlerMethod.java:117)
	at org.springframework.web.servlet.mvc.method.annotation.RequestMappingHandlerAdapter.invokeHandlerMethod(RequestMappingHandlerAdapter.java:895)
	at org.springframework.web.servlet.mvc.method.annotation.RequestMappingHandlerAdapter.handleInternal(RequestMappingHandlerAdapter.java:808)
	at org.springframework.web.servlet.mvc.method.AbstractHandlerMethodAdapter.handle(AbstractHandlerMethodAdapter.java:87)
	at org.springframework.web.servlet.DispatcherServlet.doDispatch(DispatcherServlet.java:1072)
	at org.springframework.web.servlet.DispatcherServlet.doService(DispatcherServlet.java:965)
	at org.springframework.web.servlet.FrameworkServlet.processRequest(FrameworkServlet.java:1006)
	at org.springframework.web.servlet.FrameworkServlet.doGet(FrameworkServlet.java:898)
	at javax.servlet.http.HttpServlet.service(HttpServlet.java:529)
	at org.springframework.web.servlet.FrameworkServlet.service(FrameworkServlet.java:883)
	at javax.servlet.http.HttpServlet.service(HttpServlet.java:623)
	at org.apache.catalina.core.ApplicationFilterChain.internalDoFilter(ApplicationFilterChain.java:209)
	at org.apache.catalina.core.ApplicationFilterChain.doFilter(ApplicationFilterChain.java:153)
	at org.apache.tomcat.websocket.server.WsFilter.doFilter(WsFilter.java:51)
	at org.apache.catalina.core.ApplicationFilterChain.internalDoFilter(ApplicationFilterChain.java:178)
	at org.apache.catalina.core.ApplicationFilterChain.doFilter(ApplicationFilterChain.java:153)
	at org.springframework.web.filter.OncePerRequestFilter.doFilter(OncePerRequestFilter.java:111)
	at org.apache.catalina.core.ApplicationFilterChain.internalDoFilter(ApplicationFilterChain.java:178)
	at org.apache.catalina.core.ApplicationFilterChain.doFilter(ApplicationFilterChain.java:153)
	at org.springframework.security.web.FilterChainProxy$VirtualFilterChain.doFilter(FilterChainProxy.java:337)
	at org.springframework.security.web.access.intercept.FilterSecurityInterceptor.invoke(FilterSecurityInterceptor.java:115)
	at org.springframework.security.web.access.intercept.FilterSecurityInterceptor.doFilter(FilterSecurityInterceptor.java:81)
	at org.springframework.security.web.FilterChainProxy$VirtualFilterChain.doFilter(FilterChainProxy.java:346)
	at org.springframework.security.web.access.ExceptionTranslationFilter.doFilter(ExceptionTranslationFilter.java:122)
	at org.springframework.security.web.access.ExceptionTranslationFilter.doFilter(ExceptionTranslationFilter.java:116)
	at org.springframework.security.web.FilterChainProxy$VirtualFilterChain.doFilter(FilterChainProxy.java:346)
	at org.springframework.security.web.session.SessionManagementFilter.doFilter(SessionManagementFilter.java:126)
	at org.springframework.security.web.session.SessionManagementFilter.doFilter(SessionManagementFilter.java:81)
	at org.springframework.security.web.FilterChainProxy$VirtualFilterChain.doFilter(FilterChainProxy.java:346)
	at org.springframework.security.web.authentication.AnonymousAuthenticationFilter.doFilter(AnonymousAuthenticationFilter.java:109)
	at org.springframework.security.web.FilterChainProxy$VirtualFilterChain.doFilter(FilterChainProxy.java:346)
	at org.springframework.security.web.servletapi.SecurityContextHolderAwareRequestFilter.doFilter(SecurityContextHolderAwareRequestFilter.java:149)
	at org.springframework.security.web.FilterChainProxy$VirtualFilterChain.doFilter(FilterChainProxy.java:346)
	at org.springframework.security.web.savedrequest.RequestCacheAwareFilter.doFilter(RequestCacheAwareFilter.java:63)
	at org.springframework.security.web.FilterChainProxy$VirtualFilterChain.doFilter(FilterChainProxy.java:346)
	at xyz.aqlabs.ems.security.JwtAuthenticationFilter.doFilterInternal(JwtAuthenticationFilter.java:32)
	at org.springframework.web.filter.OncePerRequestFilter.doFilter(OncePerRequestFilter.java:117)
	at org.springframework.security.web.FilterChainProxy$VirtualFilterChain.doFilter(FilterChainProxy.java:346)
	at org.springframework.security.web.authentication.logout.LogoutFilter.doFilter(LogoutFilter.java:103)
	at org.springframework.security.web.authentication.logout.LogoutFilter.doFilter(LogoutFilter.java:89)
	at org.springframework.security.web.FilterChainProxy$VirtualFilterChain.doFilter(FilterChainProxy.java:346)
	at org.springframework.security.web.header.HeaderWriterFilter.doHeadersAfter(HeaderWriterFilter.java:90)
	at org.springframework.security.web.header.HeaderWriterFilter.doFilterInternal(HeaderWriterFilter.java:75)
	at org.springframework.web.filter.OncePerRequestFilter.doFilter(OncePerRequestFilter.java:117)
	at org.springframework.security.web.FilterChainProxy$VirtualFilterChain.doFilter(FilterChainProxy.java:346)
	at org.springframework.security.web.context.SecurityContextPersistenceFilter.doFilter(SecurityContextPersistenceFilter.java:112)
	at org.springframework.security.web.context.SecurityContextPersistenceFilter.doFilter(SecurityContextPersistenceFilter.java:82)
	at org.springframework.security.web.FilterChainProxy$VirtualFilterChain.doFilter(FilterChainProxy.java:346)
	at org.springframework.security.web.context.request.async.WebAsyncManagerIntegrationFilter.doFilterInternal(WebAsyncManagerIntegrationFilter.java:55)
	at org.springframework.web.filter.OncePerRequestFilter.doFilter(OncePerRequestFilter.java:117)
	at org.springframework.security.web.FilterChainProxy$VirtualFilterChain.doFilter(FilterChainProxy.java:346)
	at org.springframework.security.web.session.DisableEncodeUrlFilter.doFilterInternal(DisableEncodeUrlFilter.java:42)
	at org.springframework.web.filter.OncePerRequestFilter.doFilter(OncePerRequestFilter.java:117)
	at org.springframework.security.web.FilterChainProxy$VirtualFilterChain.doFilter(FilterChainProxy.java:346)
	at org.springframework.security.web.FilterChainProxy.doFilterInternal(FilterChainProxy.java:221)
	at org.springframework.security.web.FilterChainProxy.doFilter(FilterChainProxy.java:186)
	at org.springframework.web.filter.DelegatingFilterProxy.invokeDelegate(DelegatingFilterProxy.java:354)
	at org.springframework.web.filter.DelegatingFilterProxy.doFilter(DelegatingFilterProxy.java:267)
	at org.apache.catalina.core.ApplicationFilterChain.internalDoFilter(ApplicationFilterChain.java:178)
	at org.apache.catalina.core.ApplicationFilterChain.doFilter(ApplicationFilterChain.java:153)
	at org.springframework.web.filter.RequestContextFilter.doFilterInternal(RequestContextFilter.java:100)
	at org.springframework.web.filter.OncePerRequestFilter.doFilter(OncePerRequestFilter.java:117)
	at org.apache.catalina.core.ApplicationFilterChain.internalDoFilter(ApplicationFilterChain.java:178)
	at org.apache.catalina.core.ApplicationFilterChain.doFilter(ApplicationFilterChain.java:153)
	at org.springframework.web.filter.FormContentFilter.doFilterInternal(FormContentFilter.java:93)
	at org.springframework.web.filter.OncePerRequestFilter.doFilter(OncePerRequestFilter.java:117)
	at org.apache.catalina.core.ApplicationFilterChain.internalDoFilter(ApplicationFilterChain.java:178)
	at org.apache.catalina.core.ApplicationFilterChain.doFilter(ApplicationFilterChain.java:153)
	at org.springframework.web.filter.CharacterEncodingFilter.doFilterInternal(CharacterEncodingFilter.java:201)
	at org.springframework.web.filter.OncePerRequestFilter.doFilter(OncePerRequestFilter.java:117)
	at org.apache.catalina.core.ApplicationFilterChain.internalDoFilter(ApplicationFilterChain.java:178)
	at org.apache.catalina.core.ApplicationFilterChain.doFilter(ApplicationFilterChain.java:153)
	at org.apache.catalina.core.StandardWrapperValve.invoke(StandardWrapperValve.java:167)
	at org.apache.catalina.core.StandardContextValve.invoke(StandardContextValve.java:90)
	at org.apache.catalina.authenticator.AuthenticatorBase.invoke(AuthenticatorBase.java:481)
	at org.apache.catalina.core.StandardHostValve.invoke(StandardHostValve.java:130)
	at org.apache.catalina.valves.ErrorReportValve.invoke(ErrorReportValve.java:93)
	at org.apache.catalina.core.StandardEngineValve.invoke(StandardEngineValve.java:74)
	at org.apache.catalina.connector.CoyoteAdapter.service(CoyoteAdapter.java:343)
	at org.apache.coyote.http11.Http11Processor.service(Http11Processor.java:390)
	at org.apache.coyote.AbstractProcessorLight.process(AbstractProcessorLight.java:63)
	at org.apache.coyote.AbstractProtocol$ConnectionHandler.process(AbstractProtocol.java:926)
	at org.apache.tomcat.util.net.NioEndpoint$SocketProcessor.doRun(NioEndpoint.java:1791)
	at org.apache.tomcat.util.net.SocketProcessorBase.run(SocketProcessorBase.java:52)
	at org.apache.tomcat.util.threads.ThreadPoolExecutor.runWorker(ThreadPoolExecutor.java:1191)
	at org.apache.tomcat.util.threads.ThreadPoolExecutor$Worker.run(ThreadPoolExecutor.java:659)
	at org.apache.tomcat.util.threads.TaskThread$WrappingRunnable.run(TaskThread.java:61)
	at java.base/java.lang.Thread.run(Thread.java:1589)
2023-11-24 11:36:21 ERROR [http-nio-8080-exec-3] o.a.c.c.C.[.[.[.[dispatcherServlet] - Servlet.service() for servlet [dispatcherServlet] in context with path [] threw exception [Request processing failed; nested exception is java.lang.NumberFormatException: For input string: "employeeId"] with root cause
java.lang.NumberFormatException: For input string: "employeeId"
	at java.base/java.lang.NumberFormatException.forInputString(NumberFormatException.java:67)
	at java.base/java.lang.Integer.parseInt(Integer.java:665)
	at java.base/java.lang.Integer.valueOf(Integer.java:992)
	at xyz.aqlabs.ems.controller.TimeCardController.getTimeCardsByParams(TimeCardController.java:62)
	at java.base/jdk.internal.reflect.DirectMethodHandleAccessor.invoke(DirectMethodHandleAccessor.java:104)
	at java.base/java.lang.reflect.Method.invoke(Method.java:578)
	at org.springframework.web.method.support.InvocableHandlerMethod.doInvoke(InvocableHandlerMethod.java:205)
	at org.springframework.web.method.support.InvocableHandlerMethod.invokeForRequest(InvocableHandlerMethod.java:150)
	at org.springframework.web.servlet.mvc.method.annotation.ServletInvocableHandlerMethod.invokeAndHandle(ServletInvocableHandlerMethod.java:117)
	at org.springframework.web.servlet.mvc.method.annotation.RequestMappingHandlerAdapter.invokeHandlerMethod(RequestMappingHandlerAdapter.java:895)
	at org.springframework.web.servlet.mvc.method.annotation.RequestMappingHandlerAdapter.handleInternal(RequestMappingHandlerAdapter.java:808)
	at org.springframework.web.servlet.mvc.method.AbstractHandlerMethodAdapter.handle(AbstractHandlerMethodAdapter.java:87)
	at org.springframework.web.servlet.DispatcherServlet.doDispatch(DispatcherServlet.java:1072)
	at org.springframework.web.servlet.DispatcherServlet.doService(DispatcherServlet.java:965)
	at org.springframework.web.servlet.FrameworkServlet.processRequest(FrameworkServlet.java:1006)
	at org.springframework.web.servlet.FrameworkServlet.doGet(FrameworkServlet.java:898)
	at javax.servlet.http.HttpServlet.service(HttpServlet.java:529)
	at org.springframework.web.servlet.FrameworkServlet.service(FrameworkServlet.java:883)
	at javax.servlet.http.HttpServlet.service(HttpServlet.java:623)
	at org.apache.catalina.core.ApplicationFilterChain.internalDoFilter(ApplicationFilterChain.java:209)
	at org.apache.catalina.core.ApplicationFilterChain.doFilter(ApplicationFilterChain.java:153)
	at org.apache.tomcat.websocket.server.WsFilter.doFilter(WsFilter.java:51)
	at org.apache.catalina.core.ApplicationFilterChain.internalDoFilter(ApplicationFilterChain.java:178)
	at org.apache.catalina.core.ApplicationFilterChain.doFilter(ApplicationFilterChain.java:153)
	at org.springframework.web.filter.OncePerRequestFilter.doFilter(OncePerRequestFilter.java:111)
	at org.apache.catalina.core.ApplicationFilterChain.internalDoFilter(ApplicationFilterChain.java:178)
	at org.apache.catalina.core.ApplicationFilterChain.doFilter(ApplicationFilterChain.java:153)
	at org.springframework.security.web.FilterChainProxy$VirtualFilterChain.doFilter(FilterChainProxy.java:337)
	at org.springframework.security.web.access.intercept.FilterSecurityInterceptor.invoke(FilterSecurityInterceptor.java:115)
	at org.springframework.security.web.access.intercept.FilterSecurityInterceptor.doFilter(FilterSecurityInterceptor.java:81)
	at org.springframework.security.web.FilterChainProxy$VirtualFilterChain.doFilter(FilterChainProxy.java:346)
	at org.springframework.security.web.access.ExceptionTranslationFilter.doFilter(ExceptionTranslationFilter.java:122)
	at org.springframework.security.web.access.ExceptionTranslationFilter.doFilter(ExceptionTranslationFilter.java:116)
	at org.springframework.security.web.FilterChainProxy$VirtualFilterChain.doFilter(FilterChainProxy.java:346)
	at org.springframework.security.web.session.SessionManagementFilter.doFilter(SessionManagementFilter.java:126)
	at org.springframework.security.web.session.SessionManagementFilter.doFilter(SessionManagementFilter.java:81)
	at org.springframework.security.web.FilterChainProxy$VirtualFilterChain.doFilter(FilterChainProxy.java:346)
	at org.springframework.security.web.authentication.AnonymousAuthenticationFilter.doFilter(AnonymousAuthenticationFilter.java:109)
	at org.springframework.security.web.FilterChainProxy$VirtualFilterChain.doFilter(FilterChainProxy.java:346)
	at org.springframework.security.web.servletapi.SecurityContextHolderAwareRequestFilter.doFilter(SecurityContextHolderAwareRequestFilter.java:149)
	at org.springframework.security.web.FilterChainProxy$VirtualFilterChain.doFilter(FilterChainProxy.java:346)
	at org.springframework.security.web.savedrequest.RequestCacheAwareFilter.doFilter(RequestCacheAwareFilter.java:63)
	at org.springframework.security.web.FilterChainProxy$VirtualFilterChain.doFilter(FilterChainProxy.java:346)
	at xyz.aqlabs.ems.security.JwtAuthenticationFilter.doFilterInternal(JwtAuthenticationFilter.java:32)
	at org.springframework.web.filter.OncePerRequestFilter.doFilter(OncePerRequestFilter.java:117)
	at org.springframework.security.web.FilterChainProxy$VirtualFilterChain.doFilter(FilterChainProxy.java:346)
	at org.springframework.security.web.authentication.logout.LogoutFilter.doFilter(LogoutFilter.java:103)
	at org.springframework.security.web.authentication.logout.LogoutFilter.doFilter(LogoutFilter.java:89)
	at org.springframework.security.web.FilterChainProxy$VirtualFilterChain.doFilter(FilterChainProxy.java:346)
	at org.springframework.security.web.header.HeaderWriterFilter.doHeadersAfter(HeaderWriterFilter.java:90)
	at org.springframework.security.web.header.HeaderWriterFilter.doFilterInternal(HeaderWriterFilter.java:75)
	at org.springframework.web.filter.OncePerRequestFilter.doFilter(OncePerRequestFilter.java:117)
	at org.springframework.security.web.FilterChainProxy$VirtualFilterChain.doFilter(FilterChainProxy.java:346)
	at org.springframework.security.web.context.SecurityContextPersistenceFilter.doFilter(SecurityContextPersistenceFilter.java:112)
	at org.springframework.security.web.context.SecurityContextPersistenceFilter.doFilter(SecurityContextPersistenceFilter.java:82)
	at org.springframework.security.web.FilterChainProxy$VirtualFilterChain.doFilter(FilterChainProxy.java:346)
	at org.springframework.security.web.context.request.async.WebAsyncManagerIntegrationFilter.doFilterInternal(WebAsyncManagerIntegrationFilter.java:55)
	at org.springframework.web.filter.OncePerRequestFilter.doFilter(OncePerRequestFilter.java:117)
	at org.springframework.security.web.FilterChainProxy$VirtualFilterChain.doFilter(FilterChainProxy.java:346)
	at org.springframework.security.web.session.DisableEncodeUrlFilter.doFilterInternal(DisableEncodeUrlFilter.java:42)
	at org.springframework.web.filter.OncePerRequestFilter.doFilter(OncePerRequestFilter.java:117)
	at org.springframework.security.web.FilterChainProxy$VirtualFilterChain.doFilter(FilterChainProxy.java:346)
	at org.springframework.security.web.FilterChainProxy.doFilterInternal(FilterChainProxy.java:221)
	at org.springframework.security.web.FilterChainProxy.doFilter(FilterChainProxy.java:186)
	at org.springframework.web.filter.DelegatingFilterProxy.invokeDelegate(DelegatingFilterProxy.java:354)
	at org.springframework.web.filter.DelegatingFilterProxy.doFilter(DelegatingFilterProxy.java:267)
	at org.apache.catalina.core.ApplicationFilterChain.internalDoFilter(ApplicationFilterChain.java:178)
	at org.apache.catalina.core.ApplicationFilterChain.doFilter(ApplicationFilterChain.java:153)
	at org.springframework.web.filter.RequestContextFilter.doFilterInternal(RequestContextFilter.java:100)
	at org.springframework.web.filter.OncePerRequestFilter.doFilter(OncePerRequestFilter.java:117)
	at org.apache.catalina.core.ApplicationFilterChain.internalDoFilter(ApplicationFilterChain.java:178)
	at org.apache.catalina.core.ApplicationFilterChain.doFilter(ApplicationFilterChain.java:153)
	at org.springframework.web.filter.FormContentFilter.doFilterInternal(FormContentFilter.java:93)
	at org.springframework.web.filter.OncePerRequestFilter.doFilter(OncePerRequestFilter.java:117)
	at org.apache.catalina.core.ApplicationFilterChain.internalDoFilter(ApplicationFilterChain.java:178)
	at org.apache.catalina.core.ApplicationFilterChain.doFilter(ApplicationFilterChain.java:153)
	at org.springframework.web.filter.CharacterEncodingFilter.doFilterInternal(CharacterEncodingFilter.java:201)
	at org.springframework.web.filter.OncePerRequestFilter.doFilter(OncePerRequestFilter.java:117)
	at org.apache.catalina.core.ApplicationFilterChain.internalDoFilter(ApplicationFilterChain.java:178)
	at org.apache.catalina.core.ApplicationFilterChain.doFilter(ApplicationFilterChain.java:153)
	at org.apache.catalina.core.StandardWrapperValve.invoke(StandardWrapperValve.java:167)
	at org.apache.catalina.core.StandardContextValve.invoke(StandardContextValve.java:90)
	at org.apache.catalina.authenticator.AuthenticatorBase.invoke(AuthenticatorBase.java:481)
	at org.apache.catalina.core.StandardHostValve.invoke(StandardHostValve.java:130)
	at org.apache.catalina.valves.ErrorReportValve.invoke(ErrorReportValve.java:93)
	at org.apache.catalina.core.StandardEngineValve.invoke(StandardEngineValve.java:74)
	at org.apache.catalina.connector.CoyoteAdapter.service(CoyoteAdapter.java:343)
	at org.apache.coyote.http11.Http11Processor.service(Http11Processor.java:390)
	at org.apache.coyote.AbstractProcessorLight.process(AbstractProcessorLight.java:63)
	at org.apache.coyote.AbstractProtocol$ConnectionHandler.process(AbstractProtocol.java:926)
	at org.apache.tomcat.util.net.NioEndpoint$SocketProcessor.doRun(NioEndpoint.java:1791)
	at org.apache.tomcat.util.net.SocketProcessorBase.run(SocketProcessorBase.java:52)
	at org.apache.tomcat.util.threads.ThreadPoolExecutor.runWorker(ThreadPoolExecutor.java:1191)
	at org.apache.tomcat.util.threads.ThreadPoolExecutor$Worker.run(ThreadPoolExecutor.java:659)
	at org.apache.tomcat.util.threads.TaskThread$WrappingRunnable.run(TaskThread.java:61)
	at java.base/java.lang.Thread.run(Thread.java:1589)
2023-11-24 11:37:00 INFO  [SpringApplicationShutdownHook] o.s.o.j.LocalContainerEntityManagerFactoryBean - Closing JPA EntityManagerFactory for persistence unit 'default'
2023-11-24 11:37:00 INFO  [SpringApplicationShutdownHook] com.zaxxer.hikari.HikariDataSource - ems - Shutdown initiated...
2023-11-24 11:37:00 INFO  [SpringApplicationShutdownHook] com.zaxxer.hikari.HikariDataSource - ems - Shutdown completed.
