2023-11-10 07:56:08 INFO  [main] xyz.aqlabs.cookbook.EmsApplication - Starting EmsApplication using Java 19.0.2 on lcastaa-laptop with PID 99224 (/home/luis/Documents/Java Projects/employee-management-system/target/classes started by luis in /home/luis/Documents/Java Projects/employee-management-system)
2023-11-10 07:56:08 INFO  [main] xyz.aqlabs.cookbook.EmsApplication - No active profile set, falling back to 1 default profile: "default"
2023-11-10 07:56:09 INFO  [main] o.s.d.r.c.RepositoryConfigurationDelegate - Bootstrapping Spring Data JPA repositories in DEFAULT mode.
2023-11-10 07:56:09 INFO  [main] o.s.d.r.c.RepositoryConfigurationDelegate - Finished Spring Data repository scanning in 52 ms. Found 1 JPA repository interfaces.
2023-11-10 07:56:10 INFO  [main] o.s.b.w.e.tomcat.TomcatWebServer - Tomcat initialized with port(s): 8080 (http)
2023-11-10 07:56:10 INFO  [main] o.a.coyote.http11.Http11NioProtocol - Initializing ProtocolHandler ["http-nio-8080"]
2023-11-10 07:56:10 INFO  [main] o.a.catalina.core.StandardService - Starting service [Tomcat]
2023-11-10 07:56:10 INFO  [main] o.a.catalina.core.StandardEngine - Starting Servlet engine: [Apache Tomcat/9.0.78]
2023-11-10 07:56:10 INFO  [main] o.a.c.c.C.[Tomcat].[localhost].[/] - Initializing Spring embedded WebApplicationContext
2023-11-10 07:56:10 INFO  [main] o.s.b.w.s.c.ServletWebServerApplicationContext - Root WebApplicationContext: initialization completed in 1604 ms
2023-11-10 07:56:10 INFO  [main] o.h.jpa.internal.util.LogHelper - HHH000204: Processing PersistenceUnitInfo [name: default]
2023-11-10 07:56:10 INFO  [main] org.hibernate.Version - HHH000412: Hibernate ORM core version 5.6.15.Final
2023-11-10 07:56:10 INFO  [main] o.h.annotations.common.Version - HCANN000001: Hibernate Commons Annotations {5.1.2.Final}
2023-11-10 07:56:10 INFO  [main] com.zaxxer.hikari.HikariDataSource - ems - Starting...
2023-11-10 07:56:11 INFO  [main] com.zaxxer.hikari.HikariDataSource - ems - Start completed.
2023-11-10 07:56:11 INFO  [main] org.hibernate.dialect.Dialect - HHH000400: Using dialect: org.hibernate.dialect.PostgreSQLDialect
2023-11-10 07:56:12 INFO  [main] o.h.e.t.j.p.i.JtaPlatformInitiator - HHH000490: Using JtaPlatform implementation: [org.hibernate.engine.transaction.jta.platform.internal.NoJtaPlatform]
2023-11-10 07:56:12 INFO  [main] o.s.o.j.LocalContainerEntityManagerFactoryBean - Initialized JPA EntityManagerFactory for persistence unit 'default'
2023-11-10 07:56:12 INFO  [main] o.s.s.web.DefaultSecurityFilterChain - Will secure any request with [org.springframework.security.web.session.DisableEncodeUrlFilter@1fb30e5d, org.springframework.security.web.context.request.async.WebAsyncManagerIntegrationFilter@56a72887, org.springframework.security.web.context.SecurityContextPersistenceFilter@7efa366, org.springframework.security.web.header.HeaderWriterFilter@45753c22, org.springframework.security.web.authentication.logout.LogoutFilter@5443086a, xyz.aqlabs.cookbook.security.JwtAuthenticationFilter@3387ab0, org.springframework.security.web.savedrequest.RequestCacheAwareFilter@c3d4bd7, org.springframework.security.web.servletapi.SecurityContextHolderAwareRequestFilter@2626aa35, org.springframework.security.web.authentication.AnonymousAuthenticationFilter@3c8dea0b, org.springframework.security.web.session.SessionManagementFilter@2699b656, org.springframework.security.web.access.ExceptionTranslationFilter@1dce481b, org.springframework.security.web.access.intercept.FilterSecurityInterceptor@4fce3ed7]
2023-11-10 07:56:12 WARN  [main] o.s.b.a.o.j.JpaBaseConfiguration$JpaWebConfiguration - spring.jpa.open-in-view is enabled by default. Therefore, database queries may be performed during view rendering. Explicitly configure spring.jpa.open-in-view to disable this warning
2023-11-10 07:56:13 INFO  [main] o.a.coyote.http11.Http11NioProtocol - Starting ProtocolHandler ["http-nio-8080"]
2023-11-10 07:56:13 INFO  [main] o.s.b.w.e.tomcat.TomcatWebServer - Tomcat started on port(s): 8080 (http) with context path ''
2023-11-10 07:56:13 INFO  [main] xyz.aqlabs.cookbook.EmsApplication - Started EmsApplication in 5.327 seconds (JVM running for 5.983)
2023-11-10 07:56:51 INFO  [http-nio-8080-exec-1] o.a.c.c.C.[Tomcat].[localhost].[/] - Initializing Spring DispatcherServlet 'dispatcherServlet'
2023-11-10 07:56:51 INFO  [http-nio-8080-exec-1] o.s.web.servlet.DispatcherServlet - Initializing Servlet 'dispatcherServlet'
2023-11-10 07:56:51 INFO  [http-nio-8080-exec-1] o.s.web.servlet.DispatcherServlet - Completed initialization in 1 ms
2023-11-10 07:57:56 INFO  [SpringApplicationShutdownHook] o.s.o.j.LocalContainerEntityManagerFactoryBean - Closing JPA EntityManagerFactory for persistence unit 'default'
2023-11-10 07:57:56 INFO  [SpringApplicationShutdownHook] com.zaxxer.hikari.HikariDataSource - ems - Shutdown initiated...
2023-11-10 07:57:56 INFO  [SpringApplicationShutdownHook] com.zaxxer.hikari.HikariDataSource - ems - Shutdown completed.
2023-11-10 07:58:00 INFO  [main] xyz.aqlabs.cookbook.EmsApplication - Starting EmsApplication using Java 19.0.2 on lcastaa-laptop with PID 99475 (/home/luis/Documents/Java Projects/employee-management-system/target/classes started by luis in /home/luis/Documents/Java Projects/employee-management-system)
2023-11-10 07:58:00 INFO  [main] xyz.aqlabs.cookbook.EmsApplication - No active profile set, falling back to 1 default profile: "default"
2023-11-10 07:58:01 INFO  [main] o.s.d.r.c.RepositoryConfigurationDelegate - Bootstrapping Spring Data JPA repositories in DEFAULT mode.
2023-11-10 07:58:01 INFO  [main] o.s.d.r.c.RepositoryConfigurationDelegate - Finished Spring Data repository scanning in 57 ms. Found 1 JPA repository interfaces.
2023-11-10 07:58:02 INFO  [main] o.s.b.w.e.tomcat.TomcatWebServer - Tomcat initialized with port(s): 8080 (http)
2023-11-10 07:58:02 INFO  [main] o.a.coyote.http11.Http11NioProtocol - Initializing ProtocolHandler ["http-nio-8080"]
2023-11-10 07:58:02 INFO  [main] o.a.catalina.core.StandardService - Starting service [Tomcat]
2023-11-10 07:58:02 INFO  [main] o.a.catalina.core.StandardEngine - Starting Servlet engine: [Apache Tomcat/9.0.78]
2023-11-10 07:58:02 INFO  [main] o.a.c.c.C.[Tomcat].[localhost].[/] - Initializing Spring embedded WebApplicationContext
2023-11-10 07:58:02 INFO  [main] o.s.b.w.s.c.ServletWebServerApplicationContext - Root WebApplicationContext: initialization completed in 1693 ms
2023-11-10 07:58:02 INFO  [main] o.h.jpa.internal.util.LogHelper - HHH000204: Processing PersistenceUnitInfo [name: default]
2023-11-10 07:58:02 INFO  [main] org.hibernate.Version - HHH000412: Hibernate ORM core version 5.6.15.Final
2023-11-10 07:58:02 INFO  [main] o.h.annotations.common.Version - HCANN000001: Hibernate Commons Annotations {5.1.2.Final}
2023-11-10 07:58:02 INFO  [main] com.zaxxer.hikari.HikariDataSource - ems - Starting...
2023-11-10 07:58:02 INFO  [main] com.zaxxer.hikari.HikariDataSource - ems - Start completed.
2023-11-10 07:58:03 INFO  [main] org.hibernate.dialect.Dialect - HHH000400: Using dialect: org.hibernate.dialect.PostgreSQLDialect
2023-11-10 07:58:04 INFO  [main] o.h.e.t.j.p.i.JtaPlatformInitiator - HHH000490: Using JtaPlatform implementation: [org.hibernate.engine.transaction.jta.platform.internal.NoJtaPlatform]
2023-11-10 07:58:04 INFO  [main] o.s.o.j.LocalContainerEntityManagerFactoryBean - Initialized JPA EntityManagerFactory for persistence unit 'default'
2023-11-10 07:58:04 INFO  [main] o.s.s.web.DefaultSecurityFilterChain - Will secure any request with [org.springframework.security.web.session.DisableEncodeUrlFilter@5e8698c0, org.springframework.security.web.context.request.async.WebAsyncManagerIntegrationFilter@5df54296, org.springframework.security.web.context.SecurityContextPersistenceFilter@5d67b2b3, org.springframework.security.web.header.HeaderWriterFilter@1dce481b, org.springframework.security.web.authentication.logout.LogoutFilter@43ca96a0, xyz.aqlabs.cookbook.security.JwtAuthenticationFilter@780a91d0, org.springframework.security.web.savedrequest.RequestCacheAwareFilter@7efa366, org.springframework.security.web.servletapi.SecurityContextHolderAwareRequestFilter@6c2f8ecb, org.springframework.security.web.authentication.AnonymousAuthenticationFilter@1fb30e5d, org.springframework.security.web.session.SessionManagementFilter@372f7bc, org.springframework.security.web.access.ExceptionTranslationFilter@7e63374b, org.springframework.security.web.access.intercept.FilterSecurityInterceptor@5e3d84a]
2023-11-10 07:58:04 WARN  [main] o.s.b.a.o.j.JpaBaseConfiguration$JpaWebConfiguration - spring.jpa.open-in-view is enabled by default. Therefore, database queries may be performed during view rendering. Explicitly configure spring.jpa.open-in-view to disable this warning
2023-11-10 07:58:05 INFO  [main] o.a.coyote.http11.Http11NioProtocol - Starting ProtocolHandler ["http-nio-8080"]
2023-11-10 07:58:05 INFO  [main] o.s.b.w.e.tomcat.TomcatWebServer - Tomcat started on port(s): 8080 (http) with context path ''
2023-11-10 07:58:05 INFO  [main] xyz.aqlabs.cookbook.EmsApplication - Started EmsApplication in 5.497 seconds (JVM running for 6.173)
2023-11-10 07:58:18 INFO  [http-nio-8080-exec-1] o.a.c.c.C.[Tomcat].[localhost].[/] - Initializing Spring DispatcherServlet 'dispatcherServlet'
2023-11-10 07:58:18 INFO  [http-nio-8080-exec-1] o.s.web.servlet.DispatcherServlet - Initializing Servlet 'dispatcherServlet'
2023-11-10 07:58:18 INFO  [http-nio-8080-exec-1] o.s.web.servlet.DispatcherServlet - Completed initialization in 1 ms
2023-11-10 07:58:24 INFO  [SpringApplicationShutdownHook] o.s.o.j.LocalContainerEntityManagerFactoryBean - Closing JPA EntityManagerFactory for persistence unit 'default'
2023-11-10 07:58:24 INFO  [SpringApplicationShutdownHook] com.zaxxer.hikari.HikariDataSource - ems - Shutdown initiated...
2023-11-10 07:58:24 INFO  [SpringApplicationShutdownHook] com.zaxxer.hikari.HikariDataSource - ems - Shutdown completed.
2023-11-10 07:58:26 INFO  [main] xyz.aqlabs.cookbook.EmsApplication - Starting EmsApplication using Java 19.0.2 on lcastaa-laptop with PID 99602 (/home/luis/Documents/Java Projects/employee-management-system/target/classes started by luis in /home/luis/Documents/Java Projects/employee-management-system)
2023-11-10 07:58:26 INFO  [main] xyz.aqlabs.cookbook.EmsApplication - No active profile set, falling back to 1 default profile: "default"
2023-11-10 07:58:27 INFO  [main] o.s.d.r.c.RepositoryConfigurationDelegate - Bootstrapping Spring Data JPA repositories in DEFAULT mode.
2023-11-10 07:58:27 INFO  [main] o.s.d.r.c.RepositoryConfigurationDelegate - Finished Spring Data repository scanning in 65 ms. Found 1 JPA repository interfaces.
2023-11-10 07:58:28 INFO  [main] o.s.b.w.e.tomcat.TomcatWebServer - Tomcat initialized with port(s): 8080 (http)
2023-11-10 07:58:28 INFO  [main] o.a.coyote.http11.Http11NioProtocol - Initializing ProtocolHandler ["http-nio-8080"]
2023-11-10 07:58:28 INFO  [main] o.a.catalina.core.StandardService - Starting service [Tomcat]
2023-11-10 07:58:28 INFO  [main] o.a.catalina.core.StandardEngine - Starting Servlet engine: [Apache Tomcat/9.0.78]
2023-11-10 07:58:28 INFO  [main] o.a.c.c.C.[Tomcat].[localhost].[/] - Initializing Spring embedded WebApplicationContext
2023-11-10 07:58:28 INFO  [main] o.s.b.w.s.c.ServletWebServerApplicationContext - Root WebApplicationContext: initialization completed in 1862 ms
2023-11-10 07:58:28 INFO  [main] o.h.jpa.internal.util.LogHelper - HHH000204: Processing PersistenceUnitInfo [name: default]
2023-11-10 07:58:29 INFO  [main] org.hibernate.Version - HHH000412: Hibernate ORM core version 5.6.15.Final
2023-11-10 07:58:29 INFO  [main] o.h.annotations.common.Version - HCANN000001: Hibernate Commons Annotations {5.1.2.Final}
2023-11-10 07:58:29 INFO  [main] com.zaxxer.hikari.HikariDataSource - ems - Starting...
2023-11-10 07:58:29 INFO  [main] com.zaxxer.hikari.HikariDataSource - ems - Start completed.
2023-11-10 07:58:29 INFO  [main] org.hibernate.dialect.Dialect - HHH000400: Using dialect: org.hibernate.dialect.PostgreSQLDialect
2023-11-10 07:58:30 INFO  [main] o.h.e.t.j.p.i.JtaPlatformInitiator - HHH000490: Using JtaPlatform implementation: [org.hibernate.engine.transaction.jta.platform.internal.NoJtaPlatform]
2023-11-10 07:58:30 INFO  [main] o.s.o.j.LocalContainerEntityManagerFactoryBean - Initialized JPA EntityManagerFactory for persistence unit 'default'
2023-11-10 07:58:31 INFO  [main] o.s.s.web.DefaultSecurityFilterChain - Will secure any request with [org.springframework.security.web.session.DisableEncodeUrlFilter@690e4b00, org.springframework.security.web.context.request.async.WebAsyncManagerIntegrationFilter@5e3d84a, org.springframework.security.web.context.SecurityContextPersistenceFilter@70f5f57d, org.springframework.security.web.header.HeaderWriterFilter@3ccefe1b, org.springframework.security.web.authentication.logout.LogoutFilter@250e8712, xyz.aqlabs.cookbook.security.JwtAuthenticationFilter@6949cead, org.springframework.security.web.savedrequest.RequestCacheAwareFilter@301770d9, org.springframework.security.web.servletapi.SecurityContextHolderAwareRequestFilter@40edc64e, org.springframework.security.web.authentication.AnonymousAuthenticationFilter@2728add3, org.springframework.security.web.session.SessionManagementFilter@1ca0aa40, org.springframework.security.web.access.ExceptionTranslationFilter@5810772a, org.springframework.security.web.access.intercept.FilterSecurityInterceptor@18e76101]
2023-11-10 07:58:31 WARN  [main] o.s.b.a.o.j.JpaBaseConfiguration$JpaWebConfiguration - spring.jpa.open-in-view is enabled by default. Therefore, database queries may be performed during view rendering. Explicitly configure spring.jpa.open-in-view to disable this warning
2023-11-10 07:58:32 INFO  [main] o.a.coyote.http11.Http11NioProtocol - Starting ProtocolHandler ["http-nio-8080"]
2023-11-10 07:58:32 INFO  [main] o.s.b.w.e.tomcat.TomcatWebServer - Tomcat started on port(s): 8080 (http) with context path ''
2023-11-10 07:58:32 INFO  [main] xyz.aqlabs.cookbook.EmsApplication - Started EmsApplication in 5.993 seconds (JVM running for 6.717)
2023-11-10 07:58:32 INFO  [http-nio-8080-exec-1] o.a.c.c.C.[Tomcat].[localhost].[/] - Initializing Spring DispatcherServlet 'dispatcherServlet'
2023-11-10 07:58:32 INFO  [http-nio-8080-exec-1] o.s.web.servlet.DispatcherServlet - Initializing Servlet 'dispatcherServlet'
2023-11-10 07:58:32 INFO  [http-nio-8080-exec-1] o.s.web.servlet.DispatcherServlet - Completed initialization in 1 ms
2023-11-10 07:59:53 INFO  [SpringApplicationShutdownHook] o.s.o.j.LocalContainerEntityManagerFactoryBean - Closing JPA EntityManagerFactory for persistence unit 'default'
2023-11-10 07:59:53 INFO  [SpringApplicationShutdownHook] com.zaxxer.hikari.HikariDataSource - ems - Shutdown initiated...
2023-11-10 07:59:53 INFO  [SpringApplicationShutdownHook] com.zaxxer.hikari.HikariDataSource - ems - Shutdown completed.
2023-11-10 07:59:55 INFO  [main] xyz.aqlabs.cookbook.EmsApplication - Starting EmsApplication using Java 19.0.2 on lcastaa-laptop with PID 99896 (/home/luis/Documents/Java Projects/employee-management-system/target/classes started by luis in /home/luis/Documents/Java Projects/employee-management-system)
2023-11-10 07:59:55 INFO  [main] xyz.aqlabs.cookbook.EmsApplication - No active profile set, falling back to 1 default profile: "default"
2023-11-10 07:59:56 INFO  [main] o.s.d.r.c.RepositoryConfigurationDelegate - Bootstrapping Spring Data JPA repositories in DEFAULT mode.
2023-11-10 07:59:56 INFO  [main] o.s.d.r.c.RepositoryConfigurationDelegate - Finished Spring Data repository scanning in 54 ms. Found 1 JPA repository interfaces.
2023-11-10 07:59:56 INFO  [main] o.s.b.w.e.tomcat.TomcatWebServer - Tomcat initialized with port(s): 8080 (http)
2023-11-10 07:59:56 INFO  [main] o.a.coyote.http11.Http11NioProtocol - Initializing ProtocolHandler ["http-nio-8080"]
2023-11-10 07:59:56 INFO  [main] o.a.catalina.core.StandardService - Starting service [Tomcat]
2023-11-10 07:59:56 INFO  [main] o.a.catalina.core.StandardEngine - Starting Servlet engine: [Apache Tomcat/9.0.78]
2023-11-10 07:59:57 INFO  [main] o.a.c.c.C.[Tomcat].[localhost].[/] - Initializing Spring embedded WebApplicationContext
2023-11-10 07:59:57 INFO  [main] o.s.b.w.s.c.ServletWebServerApplicationContext - Root WebApplicationContext: initialization completed in 1601 ms
2023-11-10 07:59:57 INFO  [main] o.h.jpa.internal.util.LogHelper - HHH000204: Processing PersistenceUnitInfo [name: default]
2023-11-10 07:59:57 INFO  [main] org.hibernate.Version - HHH000412: Hibernate ORM core version 5.6.15.Final
2023-11-10 07:59:57 INFO  [main] o.h.annotations.common.Version - HCANN000001: Hibernate Commons Annotations {5.1.2.Final}
2023-11-10 07:59:57 INFO  [main] com.zaxxer.hikari.HikariDataSource - ems - Starting...
2023-11-10 07:59:58 INFO  [main] com.zaxxer.hikari.HikariDataSource - ems - Start completed.
2023-11-10 07:59:58 INFO  [main] org.hibernate.dialect.Dialect - HHH000400: Using dialect: org.hibernate.dialect.PostgreSQLDialect
2023-11-10 07:59:59 INFO  [main] o.h.e.t.j.p.i.JtaPlatformInitiator - HHH000490: Using JtaPlatform implementation: [org.hibernate.engine.transaction.jta.platform.internal.NoJtaPlatform]
2023-11-10 07:59:59 INFO  [main] o.s.o.j.LocalContainerEntityManagerFactoryBean - Initialized JPA EntityManagerFactory for persistence unit 'default'
2023-11-10 07:59:59 INFO  [main] o.s.s.web.DefaultSecurityFilterChain - Will secure any request with [org.springframework.security.web.session.DisableEncodeUrlFilter@4fb99927, org.springframework.security.web.context.request.async.WebAsyncManagerIntegrationFilter@2d9df336, org.springframework.security.web.context.SecurityContextPersistenceFilter@372f7bc, org.springframework.security.web.header.HeaderWriterFilter@2842ef02, org.springframework.security.web.authentication.logout.LogoutFilter@22b3b5d0, xyz.aqlabs.cookbook.security.JwtAuthenticationFilter@278c998, org.springframework.security.web.savedrequest.RequestCacheAwareFilter@2699b656, org.springframework.security.web.servletapi.SecurityContextHolderAwareRequestFilter@5d67b2b3, org.springframework.security.web.authentication.AnonymousAuthenticationFilter@131b58d4, org.springframework.security.web.session.SessionManagementFilter@301770d9, org.springframework.security.web.access.ExceptionTranslationFilter@7a51dc38, org.springframework.security.web.access.intercept.FilterSecurityInterceptor@60484429]
2023-11-10 07:59:59 WARN  [main] o.s.b.a.o.j.JpaBaseConfiguration$JpaWebConfiguration - spring.jpa.open-in-view is enabled by default. Therefore, database queries may be performed during view rendering. Explicitly configure spring.jpa.open-in-view to disable this warning
2023-11-10 08:00:00 INFO  [main] o.a.coyote.http11.Http11NioProtocol - Starting ProtocolHandler ["http-nio-8080"]
2023-11-10 08:00:00 INFO  [main] o.s.b.w.e.tomcat.TomcatWebServer - Tomcat started on port(s): 8080 (http) with context path ''
2023-11-10 08:00:00 INFO  [main] xyz.aqlabs.cookbook.EmsApplication - Started EmsApplication in 5.352 seconds (JVM running for 6.04)
2023-11-10 08:00:06 INFO  [http-nio-8080-exec-1] o.a.c.c.C.[Tomcat].[localhost].[/] - Initializing Spring DispatcherServlet 'dispatcherServlet'
2023-11-10 08:00:06 INFO  [http-nio-8080-exec-1] o.s.web.servlet.DispatcherServlet - Initializing Servlet 'dispatcherServlet'
2023-11-10 08:00:06 INFO  [http-nio-8080-exec-1] o.s.web.servlet.DispatcherServlet - Completed initialization in 1 ms
2023-11-10 08:03:12 INFO  [SpringApplicationShutdownHook] o.s.o.j.LocalContainerEntityManagerFactoryBean - Closing JPA EntityManagerFactory for persistence unit 'default'
2023-11-10 08:03:12 INFO  [SpringApplicationShutdownHook] com.zaxxer.hikari.HikariDataSource - ems - Shutdown initiated...
2023-11-10 08:03:12 INFO  [SpringApplicationShutdownHook] com.zaxxer.hikari.HikariDataSource - ems - Shutdown completed.
2023-11-10 08:03:15 INFO  [main] xyz.aqlabs.cookbook.EmsApplication - Starting EmsApplication using Java 19.0.2 on lcastaa-laptop with PID 100232 (/home/luis/Documents/Java Projects/employee-management-system/target/classes started by luis in /home/luis/Documents/Java Projects/employee-management-system)
2023-11-10 08:03:15 INFO  [main] xyz.aqlabs.cookbook.EmsApplication - No active profile set, falling back to 1 default profile: "default"
2023-11-10 08:03:16 INFO  [main] o.s.d.r.c.RepositoryConfigurationDelegate - Bootstrapping Spring Data JPA repositories in DEFAULT mode.
2023-11-10 08:03:16 INFO  [main] o.s.d.r.c.RepositoryConfigurationDelegate - Finished Spring Data repository scanning in 68 ms. Found 1 JPA repository interfaces.
2023-11-10 08:03:17 INFO  [main] o.s.b.w.e.tomcat.TomcatWebServer - Tomcat initialized with port(s): 8080 (http)
2023-11-10 08:03:17 INFO  [main] o.a.coyote.http11.Http11NioProtocol - Initializing ProtocolHandler ["http-nio-8080"]
2023-11-10 08:03:17 INFO  [main] o.a.catalina.core.StandardService - Starting service [Tomcat]
2023-11-10 08:03:17 INFO  [main] o.a.catalina.core.StandardEngine - Starting Servlet engine: [Apache Tomcat/9.0.78]
2023-11-10 08:03:17 INFO  [main] o.a.c.c.C.[Tomcat].[localhost].[/] - Initializing Spring embedded WebApplicationContext
2023-11-10 08:03:17 INFO  [main] o.s.b.w.s.c.ServletWebServerApplicationContext - Root WebApplicationContext: initialization completed in 2187 ms
2023-11-10 08:03:17 INFO  [main] o.h.jpa.internal.util.LogHelper - HHH000204: Processing PersistenceUnitInfo [name: default]
2023-11-10 08:03:17 INFO  [main] org.hibernate.Version - HHH000412: Hibernate ORM core version 5.6.15.Final
2023-11-10 08:03:18 INFO  [main] o.h.annotations.common.Version - HCANN000001: Hibernate Commons Annotations {5.1.2.Final}
2023-11-10 08:03:18 INFO  [main] com.zaxxer.hikari.HikariDataSource - ems - Starting...
2023-11-10 08:03:18 INFO  [main] com.zaxxer.hikari.HikariDataSource - ems - Start completed.
2023-11-10 08:03:18 INFO  [main] org.hibernate.dialect.Dialect - HHH000400: Using dialect: org.hibernate.dialect.PostgreSQLDialect
2023-11-10 08:03:19 INFO  [main] o.h.e.t.j.p.i.JtaPlatformInitiator - HHH000490: Using JtaPlatform implementation: [org.hibernate.engine.transaction.jta.platform.internal.NoJtaPlatform]
2023-11-10 08:03:19 INFO  [main] o.s.o.j.LocalContainerEntityManagerFactoryBean - Initialized JPA EntityManagerFactory for persistence unit 'default'
2023-11-10 08:03:20 INFO  [main] o.s.s.web.DefaultSecurityFilterChain - Will secure any request with [org.springframework.security.web.session.DisableEncodeUrlFilter@5e8698c0, org.springframework.security.web.context.request.async.WebAsyncManagerIntegrationFilter@5df54296, org.springframework.security.web.context.SecurityContextPersistenceFilter@5d67b2b3, org.springframework.security.web.header.HeaderWriterFilter@1dce481b, org.springframework.security.web.authentication.logout.LogoutFilter@43ca96a0, xyz.aqlabs.cookbook.security.JwtAuthenticationFilter@780a91d0, org.springframework.security.web.savedrequest.RequestCacheAwareFilter@7efa366, org.springframework.security.web.servletapi.SecurityContextHolderAwareRequestFilter@6c2f8ecb, org.springframework.security.web.authentication.AnonymousAuthenticationFilter@1fb30e5d, org.springframework.security.web.session.SessionManagementFilter@372f7bc, org.springframework.security.web.access.ExceptionTranslationFilter@7e63374b, org.springframework.security.web.access.intercept.FilterSecurityInterceptor@5e3d84a]
2023-11-10 08:03:20 WARN  [main] o.s.b.a.o.j.JpaBaseConfiguration$JpaWebConfiguration - spring.jpa.open-in-view is enabled by default. Therefore, database queries may be performed during view rendering. Explicitly configure spring.jpa.open-in-view to disable this warning
2023-11-10 08:03:20 INFO  [main] o.a.coyote.http11.Http11NioProtocol - Starting ProtocolHandler ["http-nio-8080"]
2023-11-10 08:03:20 INFO  [main] o.s.b.w.e.tomcat.TomcatWebServer - Tomcat started on port(s): 8080 (http) with context path ''
2023-11-10 08:03:20 INFO  [main] xyz.aqlabs.cookbook.EmsApplication - Started EmsApplication in 6.093 seconds (JVM running for 6.783)
2023-11-10 08:03:22 INFO  [http-nio-8080-exec-1] o.a.c.c.C.[Tomcat].[localhost].[/] - Initializing Spring DispatcherServlet 'dispatcherServlet'
2023-11-10 08:03:22 INFO  [http-nio-8080-exec-1] o.s.web.servlet.DispatcherServlet - Initializing Servlet 'dispatcherServlet'
2023-11-10 08:03:22 INFO  [http-nio-8080-exec-1] o.s.web.servlet.DispatcherServlet - Completed initialization in 1 ms
2023-11-10 08:07:37 INFO  [SpringApplicationShutdownHook] o.s.o.j.LocalContainerEntityManagerFactoryBean - Closing JPA EntityManagerFactory for persistence unit 'default'
2023-11-10 08:07:37 INFO  [SpringApplicationShutdownHook] com.zaxxer.hikari.HikariDataSource - ems - Shutdown initiated...
2023-11-10 08:07:37 INFO  [SpringApplicationShutdownHook] com.zaxxer.hikari.HikariDataSource - ems - Shutdown completed.
2023-11-10 08:15:22 INFO  [main] xyz.aqlabs.cookbook.EmsApplication - Starting EmsApplication using Java 19.0.2 on lcastaa-laptop with PID 101064 (/home/luis/Documents/Java Projects/employee-management-system/target/classes started by luis in /home/luis/Documents/Java Projects/employee-management-system)
2023-11-10 08:15:22 INFO  [main] xyz.aqlabs.cookbook.EmsApplication - No active profile set, falling back to 1 default profile: "default"
2023-11-10 08:15:23 INFO  [main] o.s.d.r.c.RepositoryConfigurationDelegate - Bootstrapping Spring Data JPA repositories in DEFAULT mode.
2023-11-10 08:15:23 INFO  [main] o.s.d.r.c.RepositoryConfigurationDelegate - Finished Spring Data repository scanning in 69 ms. Found 1 JPA repository interfaces.
2023-11-10 08:15:23 INFO  [main] o.s.b.w.e.tomcat.TomcatWebServer - Tomcat initialized with port(s): 8080 (http)
2023-11-10 08:15:23 INFO  [main] o.a.coyote.http11.Http11NioProtocol - Initializing ProtocolHandler ["http-nio-8080"]
2023-11-10 08:15:23 INFO  [main] o.a.catalina.core.StandardService - Starting service [Tomcat]
2023-11-10 08:15:23 INFO  [main] o.a.catalina.core.StandardEngine - Starting Servlet engine: [Apache Tomcat/9.0.78]
2023-11-10 08:15:23 INFO  [main] o.a.c.c.C.[Tomcat].[localhost].[/] - Initializing Spring embedded WebApplicationContext
2023-11-10 08:15:23 INFO  [main] o.s.b.w.s.c.ServletWebServerApplicationContext - Root WebApplicationContext: initialization completed in 1715 ms
2023-11-10 08:15:24 INFO  [main] o.h.jpa.internal.util.LogHelper - HHH000204: Processing PersistenceUnitInfo [name: default]
2023-11-10 08:15:24 INFO  [main] org.hibernate.Version - HHH000412: Hibernate ORM core version 5.6.15.Final
2023-11-10 08:15:24 INFO  [main] o.h.annotations.common.Version - HCANN000001: Hibernate Commons Annotations {5.1.2.Final}
2023-11-10 08:15:24 INFO  [main] com.zaxxer.hikari.HikariDataSource - ems - Starting...
2023-11-10 08:15:25 INFO  [main] com.zaxxer.hikari.HikariDataSource - ems - Start completed.
2023-11-10 08:15:25 INFO  [main] org.hibernate.dialect.Dialect - HHH000400: Using dialect: org.hibernate.dialect.PostgreSQLDialect
2023-11-10 08:15:26 INFO  [main] o.h.e.t.j.p.i.JtaPlatformInitiator - HHH000490: Using JtaPlatform implementation: [org.hibernate.engine.transaction.jta.platform.internal.NoJtaPlatform]
2023-11-10 08:15:26 INFO  [main] o.s.o.j.LocalContainerEntityManagerFactoryBean - Initialized JPA EntityManagerFactory for persistence unit 'default'
2023-11-10 08:15:26 INFO  [main] o.s.s.web.DefaultSecurityFilterChain - Will secure any request with [org.springframework.security.web.session.DisableEncodeUrlFilter@54033a65, org.springframework.security.web.context.request.async.WebAsyncManagerIntegrationFilter@4fb99927, org.springframework.security.web.context.SecurityContextPersistenceFilter@1fec9d33, org.springframework.security.web.header.HeaderWriterFilter@31a4db4f, org.springframework.security.web.authentication.logout.LogoutFilter@4c78e00c, xyz.aqlabs.cookbook.security.JwtAuthenticationFilter@5ea0a7a9, org.springframework.security.web.savedrequest.RequestCacheAwareFilter@8e8ceb3, org.springframework.security.web.servletapi.SecurityContextHolderAwareRequestFilter@2699b656, org.springframework.security.web.authentication.AnonymousAuthenticationFilter@2d9df336, org.springframework.security.web.session.SessionManagementFilter@691eb389, org.springframework.security.web.access.ExceptionTranslationFilter@51e0f2eb, org.springframework.security.web.access.intercept.FilterSecurityInterceptor@3dfa2f64]
2023-11-10 08:15:26 WARN  [main] o.s.b.a.o.j.JpaBaseConfiguration$JpaWebConfiguration - spring.jpa.open-in-view is enabled by default. Therefore, database queries may be performed during view rendering. Explicitly configure spring.jpa.open-in-view to disable this warning
2023-11-10 08:15:27 INFO  [main] o.a.coyote.http11.Http11NioProtocol - Starting ProtocolHandler ["http-nio-8080"]
2023-11-10 08:15:27 INFO  [main] o.s.b.w.e.tomcat.TomcatWebServer - Tomcat started on port(s): 8080 (http) with context path ''
2023-11-10 08:15:27 INFO  [main] xyz.aqlabs.cookbook.EmsApplication - Started EmsApplication in 5.762 seconds (JVM running for 6.442)
2023-11-10 08:18:23 INFO  [SpringApplicationShutdownHook] o.s.o.j.LocalContainerEntityManagerFactoryBean - Closing JPA EntityManagerFactory for persistence unit 'default'
2023-11-10 08:18:23 INFO  [SpringApplicationShutdownHook] com.zaxxer.hikari.HikariDataSource - ems - Shutdown initiated...
2023-11-10 08:18:23 INFO  [SpringApplicationShutdownHook] com.zaxxer.hikari.HikariDataSource - ems - Shutdown completed.
2023-11-10 08:18:26 INFO  [main] xyz.aqlabs.cookbook.EmsApplication - Starting EmsApplication using Java 19.0.2 on lcastaa-laptop with PID 101336 (/home/luis/Documents/Java Projects/employee-management-system/target/classes started by luis in /home/luis/Documents/Java Projects/employee-management-system)
2023-11-10 08:18:26 INFO  [main] xyz.aqlabs.cookbook.EmsApplication - No active profile set, falling back to 1 default profile: "default"
2023-11-10 08:18:27 INFO  [main] o.s.d.r.c.RepositoryConfigurationDelegate - Bootstrapping Spring Data JPA repositories in DEFAULT mode.
2023-11-10 08:18:27 INFO  [main] o.s.d.r.c.RepositoryConfigurationDelegate - Finished Spring Data repository scanning in 52 ms. Found 1 JPA repository interfaces.
2023-11-10 08:18:28 INFO  [main] o.s.b.w.e.tomcat.TomcatWebServer - Tomcat initialized with port(s): 8080 (http)
2023-11-10 08:18:28 INFO  [main] o.a.coyote.http11.Http11NioProtocol - Initializing ProtocolHandler ["http-nio-8080"]
2023-11-10 08:18:28 INFO  [main] o.a.catalina.core.StandardService - Starting service [Tomcat]
2023-11-10 08:18:28 INFO  [main] o.a.catalina.core.StandardEngine - Starting Servlet engine: [Apache Tomcat/9.0.78]
2023-11-10 08:18:28 INFO  [main] o.a.c.c.C.[Tomcat].[localhost].[/] - Initializing Spring embedded WebApplicationContext
2023-11-10 08:18:28 INFO  [main] o.s.b.w.s.c.ServletWebServerApplicationContext - Root WebApplicationContext: initialization completed in 1830 ms
2023-11-10 08:18:28 INFO  [main] o.h.jpa.internal.util.LogHelper - HHH000204: Processing PersistenceUnitInfo [name: default]
2023-11-10 08:18:28 INFO  [main] org.hibernate.Version - HHH000412: Hibernate ORM core version 5.6.15.Final
2023-11-10 08:18:28 INFO  [main] o.h.annotations.common.Version - HCANN000001: Hibernate Commons Annotations {5.1.2.Final}
2023-11-10 08:18:28 INFO  [main] com.zaxxer.hikari.HikariDataSource - ems - Starting...
2023-11-10 08:18:29 INFO  [main] com.zaxxer.hikari.HikariDataSource - ems - Start completed.
2023-11-10 08:18:29 INFO  [main] org.hibernate.dialect.Dialect - HHH000400: Using dialect: org.hibernate.dialect.PostgreSQLDialect
2023-11-10 08:18:30 INFO  [main] o.h.e.t.j.p.i.JtaPlatformInitiator - HHH000490: Using JtaPlatform implementation: [org.hibernate.engine.transaction.jta.platform.internal.NoJtaPlatform]
2023-11-10 08:18:30 INFO  [main] o.s.o.j.LocalContainerEntityManagerFactoryBean - Initialized JPA EntityManagerFactory for persistence unit 'default'
2023-11-10 08:18:30 INFO  [main] o.s.s.web.DefaultSecurityFilterChain - Will secure any request with [org.springframework.security.web.session.DisableEncodeUrlFilter@42c55978, org.springframework.security.web.context.request.async.WebAsyncManagerIntegrationFilter@690e4b00, org.springframework.security.web.context.SecurityContextPersistenceFilter@e1fd2bf, org.springframework.security.web.header.HeaderWriterFilter@4eacb6d1, org.springframework.security.web.authentication.logout.LogoutFilter@20d65767, xyz.aqlabs.cookbook.security.JwtAuthenticationFilter@3a6b94b6, org.springframework.security.web.savedrequest.RequestCacheAwareFilter@691eb389, org.springframework.security.web.servletapi.SecurityContextHolderAwareRequestFilter@301770d9, org.springframework.security.web.authentication.AnonymousAuthenticationFilter@5e3d84a, org.springframework.security.web.session.SessionManagementFilter@7341baa3, org.springframework.security.web.access.ExceptionTranslationFilter@571c2ed8, org.springframework.security.web.access.intercept.FilterSecurityInterceptor@5e0442dd]
2023-11-10 08:18:30 WARN  [main] o.s.b.a.o.j.JpaBaseConfiguration$JpaWebConfiguration - spring.jpa.open-in-view is enabled by default. Therefore, database queries may be performed during view rendering. Explicitly configure spring.jpa.open-in-view to disable this warning
2023-11-10 08:18:31 INFO  [main] o.a.coyote.http11.Http11NioProtocol - Starting ProtocolHandler ["http-nio-8080"]
2023-11-10 08:18:31 INFO  [main] o.s.b.w.e.tomcat.TomcatWebServer - Tomcat started on port(s): 8080 (http) with context path ''
2023-11-10 08:18:31 INFO  [main] xyz.aqlabs.cookbook.EmsApplication - Started EmsApplication in 5.638 seconds (JVM running for 6.315)
2023-11-10 08:18:50 INFO  [SpringApplicationShutdownHook] o.s.o.j.LocalContainerEntityManagerFactoryBean - Closing JPA EntityManagerFactory for persistence unit 'default'
2023-11-10 08:18:50 INFO  [SpringApplicationShutdownHook] com.zaxxer.hikari.HikariDataSource - ems - Shutdown initiated...
2023-11-10 08:18:50 INFO  [SpringApplicationShutdownHook] com.zaxxer.hikari.HikariDataSource - ems - Shutdown completed.
2023-11-10 08:18:52 INFO  [main] xyz.aqlabs.cookbook.EmsApplication - Starting EmsApplication using Java 19.0.2 on lcastaa-laptop with PID 101483 (/home/luis/Documents/Java Projects/employee-management-system/target/classes started by luis in /home/luis/Documents/Java Projects/employee-management-system)
2023-11-10 08:18:52 INFO  [main] xyz.aqlabs.cookbook.EmsApplication - No active profile set, falling back to 1 default profile: "default"
2023-11-10 08:18:53 INFO  [main] o.s.d.r.c.RepositoryConfigurationDelegate - Bootstrapping Spring Data JPA repositories in DEFAULT mode.
2023-11-10 08:18:53 INFO  [main] o.s.d.r.c.RepositoryConfigurationDelegate - Finished Spring Data repository scanning in 54 ms. Found 1 JPA repository interfaces.
2023-11-10 08:18:54 INFO  [main] o.s.b.w.e.tomcat.TomcatWebServer - Tomcat initialized with port(s): 8080 (http)
2023-11-10 08:18:54 INFO  [main] o.a.coyote.http11.Http11NioProtocol - Initializing ProtocolHandler ["http-nio-8080"]
2023-11-10 08:18:54 INFO  [main] o.a.catalina.core.StandardService - Starting service [Tomcat]
2023-11-10 08:18:54 INFO  [main] o.a.catalina.core.StandardEngine - Starting Servlet engine: [Apache Tomcat/9.0.78]
2023-11-10 08:18:54 INFO  [main] o.a.c.c.C.[Tomcat].[localhost].[/] - Initializing Spring embedded WebApplicationContext
2023-11-10 08:18:54 INFO  [main] o.s.b.w.s.c.ServletWebServerApplicationContext - Root WebApplicationContext: initialization completed in 1674 ms
2023-11-10 08:18:54 INFO  [main] o.h.jpa.internal.util.LogHelper - HHH000204: Processing PersistenceUnitInfo [name: default]
2023-11-10 08:18:54 INFO  [main] org.hibernate.Version - HHH000412: Hibernate ORM core version 5.6.15.Final
2023-11-10 08:18:55 INFO  [main] o.h.annotations.common.Version - HCANN000001: Hibernate Commons Annotations {5.1.2.Final}
2023-11-10 08:18:55 INFO  [main] com.zaxxer.hikari.HikariDataSource - ems - Starting...
2023-11-10 08:18:55 INFO  [main] com.zaxxer.hikari.HikariDataSource - ems - Start completed.
2023-11-10 08:18:55 INFO  [main] org.hibernate.dialect.Dialect - HHH000400: Using dialect: org.hibernate.dialect.PostgreSQLDialect
2023-11-10 08:18:56 INFO  [main] o.h.e.t.j.p.i.JtaPlatformInitiator - HHH000490: Using JtaPlatform implementation: [org.hibernate.engine.transaction.jta.platform.internal.NoJtaPlatform]
2023-11-10 08:18:56 INFO  [main] o.s.o.j.LocalContainerEntityManagerFactoryBean - Initialized JPA EntityManagerFactory for persistence unit 'default'
2023-11-10 08:18:57 INFO  [main] o.s.s.web.DefaultSecurityFilterChain - Will secure any request with [org.springframework.security.web.session.DisableEncodeUrlFilter@1e36baca, org.springframework.security.web.context.request.async.WebAsyncManagerIntegrationFilter@3dfa2f64, org.springframework.security.web.context.SecurityContextPersistenceFilter@7341baa3, org.springframework.security.web.header.HeaderWriterFilter@279ab15e, org.springframework.security.web.authentication.logout.LogoutFilter@141229f6, xyz.aqlabs.cookbook.security.JwtAuthenticationFilter@2697c156, org.springframework.security.web.savedrequest.RequestCacheAwareFilter@626766fd, org.springframework.security.web.servletapi.SecurityContextHolderAwareRequestFilter@e1fd2bf, org.springframework.security.web.authentication.AnonymousAuthenticationFilter@60484429, org.springframework.security.web.session.SessionManagementFilter@1dce481b, org.springframework.security.web.access.ExceptionTranslationFilter@25c548d1, org.springframework.security.web.access.intercept.FilterSecurityInterceptor@e890591]
2023-11-10 08:18:57 WARN  [main] o.s.b.a.o.j.JpaBaseConfiguration$JpaWebConfiguration - spring.jpa.open-in-view is enabled by default. Therefore, database queries may be performed during view rendering. Explicitly configure spring.jpa.open-in-view to disable this warning
2023-11-10 08:18:57 INFO  [main] o.a.coyote.http11.Http11NioProtocol - Starting ProtocolHandler ["http-nio-8080"]
2023-11-10 08:18:57 INFO  [main] o.s.b.w.e.tomcat.TomcatWebServer - Tomcat started on port(s): 8080 (http) with context path ''
2023-11-10 08:18:57 INFO  [main] xyz.aqlabs.cookbook.EmsApplication - Started EmsApplication in 5.182 seconds (JVM running for 5.856)
2023-11-10 08:19:19 INFO  [http-nio-8080-exec-1] o.a.c.c.C.[Tomcat].[localhost].[/] - Initializing Spring DispatcherServlet 'dispatcherServlet'
2023-11-10 08:19:19 INFO  [http-nio-8080-exec-1] o.s.web.servlet.DispatcherServlet - Initializing Servlet 'dispatcherServlet'
2023-11-10 08:19:19 INFO  [http-nio-8080-exec-1] o.s.web.servlet.DispatcherServlet - Completed initialization in 2 ms
2023-11-10 08:19:37 INFO  [SpringApplicationShutdownHook] o.s.o.j.LocalContainerEntityManagerFactoryBean - Closing JPA EntityManagerFactory for persistence unit 'default'
2023-11-10 08:19:37 INFO  [SpringApplicationShutdownHook] com.zaxxer.hikari.HikariDataSource - ems - Shutdown initiated...
2023-11-10 08:19:37 INFO  [SpringApplicationShutdownHook] com.zaxxer.hikari.HikariDataSource - ems - Shutdown completed.
2023-11-10 08:19:39 INFO  [main] xyz.aqlabs.cookbook.EmsApplication - Starting EmsApplication using Java 19.0.2 on lcastaa-laptop with PID 101630 (/home/luis/Documents/Java Projects/employee-management-system/target/classes started by luis in /home/luis/Documents/Java Projects/employee-management-system)
2023-11-10 08:19:39 INFO  [main] xyz.aqlabs.cookbook.EmsApplication - No active profile set, falling back to 1 default profile: "default"
2023-11-10 08:19:40 INFO  [main] o.s.d.r.c.RepositoryConfigurationDelegate - Bootstrapping Spring Data JPA repositories in DEFAULT mode.
2023-11-10 08:19:40 INFO  [main] o.s.d.r.c.RepositoryConfigurationDelegate - Finished Spring Data repository scanning in 58 ms. Found 1 JPA repository interfaces.
2023-11-10 08:19:41 INFO  [main] o.s.b.w.e.tomcat.TomcatWebServer - Tomcat initialized with port(s): 8080 (http)
2023-11-10 08:19:41 INFO  [main] o.a.coyote.http11.Http11NioProtocol - Initializing ProtocolHandler ["http-nio-8080"]
2023-11-10 08:19:41 INFO  [main] o.a.catalina.core.StandardService - Starting service [Tomcat]
2023-11-10 08:19:41 INFO  [main] o.a.catalina.core.StandardEngine - Starting Servlet engine: [Apache Tomcat/9.0.78]
2023-11-10 08:19:41 INFO  [main] o.a.c.c.C.[Tomcat].[localhost].[/] - Initializing Spring embedded WebApplicationContext
2023-11-10 08:19:41 INFO  [main] o.s.b.w.s.c.ServletWebServerApplicationContext - Root WebApplicationContext: initialization completed in 1922 ms
2023-11-10 08:19:41 INFO  [main] o.h.jpa.internal.util.LogHelper - HHH000204: Processing PersistenceUnitInfo [name: default]
2023-11-10 08:19:41 INFO  [main] org.hibernate.Version - HHH000412: Hibernate ORM core version 5.6.15.Final
2023-11-10 08:19:42 INFO  [main] o.h.annotations.common.Version - HCANN000001: Hibernate Commons Annotations {5.1.2.Final}
2023-11-10 08:19:42 INFO  [main] com.zaxxer.hikari.HikariDataSource - ems - Starting...
2023-11-10 08:19:42 INFO  [main] com.zaxxer.hikari.HikariDataSource - ems - Start completed.
2023-11-10 08:19:42 INFO  [main] org.hibernate.dialect.Dialect - HHH000400: Using dialect: org.hibernate.dialect.PostgreSQLDialect
2023-11-10 08:19:43 INFO  [main] o.h.e.t.j.p.i.JtaPlatformInitiator - HHH000490: Using JtaPlatform implementation: [org.hibernate.engine.transaction.jta.platform.internal.NoJtaPlatform]
2023-11-10 08:19:43 INFO  [main] o.s.o.j.LocalContainerEntityManagerFactoryBean - Initialized JPA EntityManagerFactory for persistence unit 'default'
2023-11-10 08:19:44 INFO  [main] o.s.s.web.DefaultSecurityFilterChain - Will secure any request with [org.springframework.security.web.session.DisableEncodeUrlFilter@690e4b00, org.springframework.security.web.context.request.async.WebAsyncManagerIntegrationFilter@5e3d84a, org.springframework.security.web.context.SecurityContextPersistenceFilter@70f5f57d, org.springframework.security.web.header.HeaderWriterFilter@3ccefe1b, org.springframework.security.web.authentication.logout.LogoutFilter@250e8712, xyz.aqlabs.cookbook.security.JwtAuthenticationFilter@3a6b94b6, org.springframework.security.web.savedrequest.RequestCacheAwareFilter@301770d9, org.springframework.security.web.servletapi.SecurityContextHolderAwareRequestFilter@40edc64e, org.springframework.security.web.authentication.AnonymousAuthenticationFilter@2728add3, org.springframework.security.web.session.SessionManagementFilter@1ca0aa40, org.springframework.security.web.access.ExceptionTranslationFilter@5810772a, org.springframework.security.web.access.intercept.FilterSecurityInterceptor@18e76101]
2023-11-10 08:19:44 WARN  [main] o.s.b.a.o.j.JpaBaseConfiguration$JpaWebConfiguration - spring.jpa.open-in-view is enabled by default. Therefore, database queries may be performed during view rendering. Explicitly configure spring.jpa.open-in-view to disable this warning
2023-11-10 08:19:44 INFO  [main] o.a.coyote.http11.Http11NioProtocol - Starting ProtocolHandler ["http-nio-8080"]
2023-11-10 08:19:44 INFO  [main] o.s.b.w.e.tomcat.TomcatWebServer - Tomcat started on port(s): 8080 (http) with context path ''
2023-11-10 08:19:44 INFO  [main] xyz.aqlabs.cookbook.EmsApplication - Started EmsApplication in 5.602 seconds (JVM running for 6.264)
2023-11-10 08:20:54 INFO  [SpringApplicationShutdownHook] o.s.o.j.LocalContainerEntityManagerFactoryBean - Closing JPA EntityManagerFactory for persistence unit 'default'
2023-11-10 08:20:54 INFO  [SpringApplicationShutdownHook] com.zaxxer.hikari.HikariDataSource - ems - Shutdown initiated...
2023-11-10 08:20:54 INFO  [SpringApplicationShutdownHook] com.zaxxer.hikari.HikariDataSource - ems - Shutdown completed.
2023-11-10 08:20:57 INFO  [main] xyz.aqlabs.cookbook.EmsApplication - Starting EmsApplication using Java 19.0.2 on lcastaa-laptop with PID 101809 (/home/luis/Documents/Java Projects/employee-management-system/target/classes started by luis in /home/luis/Documents/Java Projects/employee-management-system)
2023-11-10 08:20:57 INFO  [main] xyz.aqlabs.cookbook.EmsApplication - No active profile set, falling back to 1 default profile: "default"
2023-11-10 08:20:57 INFO  [main] o.s.d.r.c.RepositoryConfigurationDelegate - Bootstrapping Spring Data JPA repositories in DEFAULT mode.
2023-11-10 08:20:57 INFO  [main] o.s.d.r.c.RepositoryConfigurationDelegate - Finished Spring Data repository scanning in 54 ms. Found 1 JPA repository interfaces.
2023-11-10 08:20:58 INFO  [main] o.s.b.w.e.tomcat.TomcatWebServer - Tomcat initialized with port(s): 8080 (http)
2023-11-10 08:20:58 INFO  [main] o.a.coyote.http11.Http11NioProtocol - Initializing ProtocolHandler ["http-nio-8080"]
2023-11-10 08:20:58 INFO  [main] o.a.catalina.core.StandardService - Starting service [Tomcat]
2023-11-10 08:20:58 INFO  [main] o.a.catalina.core.StandardEngine - Starting Servlet engine: [Apache Tomcat/9.0.78]
2023-11-10 08:20:58 INFO  [main] o.a.c.c.C.[Tomcat].[localhost].[/] - Initializing Spring embedded WebApplicationContext
2023-11-10 08:20:58 INFO  [main] o.s.b.w.s.c.ServletWebServerApplicationContext - Root WebApplicationContext: initialization completed in 1664 ms
2023-11-10 08:20:59 INFO  [main] o.h.jpa.internal.util.LogHelper - HHH000204: Processing PersistenceUnitInfo [name: default]
2023-11-10 08:20:59 INFO  [main] org.hibernate.Version - HHH000412: Hibernate ORM core version 5.6.15.Final
2023-11-10 08:20:59 INFO  [main] o.h.annotations.common.Version - HCANN000001: Hibernate Commons Annotations {5.1.2.Final}
2023-11-10 08:20:59 INFO  [main] com.zaxxer.hikari.HikariDataSource - ems - Starting...
2023-11-10 08:20:59 INFO  [main] com.zaxxer.hikari.HikariDataSource - ems - Start completed.
2023-11-10 08:20:59 INFO  [main] org.hibernate.dialect.Dialect - HHH000400: Using dialect: org.hibernate.dialect.PostgreSQLDialect
2023-11-10 08:21:00 INFO  [main] o.h.e.t.j.p.i.JtaPlatformInitiator - HHH000490: Using JtaPlatform implementation: [org.hibernate.engine.transaction.jta.platform.internal.NoJtaPlatform]
2023-11-10 08:21:00 INFO  [main] o.s.o.j.LocalContainerEntityManagerFactoryBean - Initialized JPA EntityManagerFactory for persistence unit 'default'
2023-11-10 08:21:01 INFO  [main] o.s.s.web.DefaultSecurityFilterChain - Will secure any request with [org.springframework.security.web.session.DisableEncodeUrlFilter@5e8698c0, org.springframework.security.web.context.request.async.WebAsyncManagerIntegrationFilter@5df54296, org.springframework.security.web.context.SecurityContextPersistenceFilter@5d67b2b3, org.springframework.security.web.header.HeaderWriterFilter@1dce481b, org.springframework.security.web.authentication.logout.LogoutFilter@43ca96a0, xyz.aqlabs.cookbook.security.JwtAuthenticationFilter@780a91d0, org.springframework.security.web.savedrequest.RequestCacheAwareFilter@7efa366, org.springframework.security.web.servletapi.SecurityContextHolderAwareRequestFilter@6c2f8ecb, org.springframework.security.web.authentication.AnonymousAuthenticationFilter@1fb30e5d, org.springframework.security.web.session.SessionManagementFilter@372f7bc, org.springframework.security.web.access.ExceptionTranslationFilter@7e63374b, org.springframework.security.web.access.intercept.FilterSecurityInterceptor@5e3d84a]
2023-11-10 08:21:01 WARN  [main] o.s.b.a.o.j.JpaBaseConfiguration$JpaWebConfiguration - spring.jpa.open-in-view is enabled by default. Therefore, database queries may be performed during view rendering. Explicitly configure spring.jpa.open-in-view to disable this warning
2023-11-10 08:21:01 INFO  [main] o.a.coyote.http11.Http11NioProtocol - Starting ProtocolHandler ["http-nio-8080"]
2023-11-10 08:21:01 INFO  [main] o.s.b.w.e.tomcat.TomcatWebServer - Tomcat started on port(s): 8080 (http) with context path ''
2023-11-10 08:21:01 INFO  [main] xyz.aqlabs.cookbook.EmsApplication - Started EmsApplication in 5.134 seconds (JVM running for 5.78)
2023-11-10 08:21:08 INFO  [http-nio-8080-exec-1] o.a.c.c.C.[Tomcat].[localhost].[/] - Initializing Spring DispatcherServlet 'dispatcherServlet'
2023-11-10 08:21:08 INFO  [http-nio-8080-exec-1] o.s.web.servlet.DispatcherServlet - Initializing Servlet 'dispatcherServlet'
2023-11-10 08:21:08 INFO  [http-nio-8080-exec-1] o.s.web.servlet.DispatcherServlet - Completed initialization in 1 ms
2023-11-10 08:21:29 INFO  [SpringApplicationShutdownHook] o.s.o.j.LocalContainerEntityManagerFactoryBean - Closing JPA EntityManagerFactory for persistence unit 'default'
2023-11-10 08:21:29 INFO  [SpringApplicationShutdownHook] com.zaxxer.hikari.HikariDataSource - ems - Shutdown initiated...
2023-11-10 08:21:29 INFO  [SpringApplicationShutdownHook] com.zaxxer.hikari.HikariDataSource - ems - Shutdown completed.
2023-11-10 08:21:31 INFO  [main] xyz.aqlabs.cookbook.EmsApplication - Starting EmsApplication using Java 19.0.2 on lcastaa-laptop with PID 101947 (/home/luis/Documents/Java Projects/employee-management-system/target/classes started by luis in /home/luis/Documents/Java Projects/employee-management-system)
2023-11-10 08:21:31 INFO  [main] xyz.aqlabs.cookbook.EmsApplication - No active profile set, falling back to 1 default profile: "default"
2023-11-10 08:21:32 INFO  [main] o.s.d.r.c.RepositoryConfigurationDelegate - Bootstrapping Spring Data JPA repositories in DEFAULT mode.
2023-11-10 08:21:32 INFO  [main] o.s.d.r.c.RepositoryConfigurationDelegate - Finished Spring Data repository scanning in 52 ms. Found 1 JPA repository interfaces.
2023-11-10 08:21:33 INFO  [main] o.s.b.w.e.tomcat.TomcatWebServer - Tomcat initialized with port(s): 8080 (http)
2023-11-10 08:21:33 INFO  [main] o.a.coyote.http11.Http11NioProtocol - Initializing ProtocolHandler ["http-nio-8080"]
2023-11-10 08:21:33 INFO  [main] o.a.catalina.core.StandardService - Starting service [Tomcat]
2023-11-10 08:21:33 INFO  [main] o.a.catalina.core.StandardEngine - Starting Servlet engine: [Apache Tomcat/9.0.78]
2023-11-10 08:21:33 INFO  [main] o.a.c.c.C.[Tomcat].[localhost].[/] - Initializing Spring embedded WebApplicationContext
2023-11-10 08:21:33 INFO  [main] o.s.b.w.s.c.ServletWebServerApplicationContext - Root WebApplicationContext: initialization completed in 1806 ms
2023-11-10 08:21:33 INFO  [main] o.h.jpa.internal.util.LogHelper - HHH000204: Processing PersistenceUnitInfo [name: default]
2023-11-10 08:21:33 INFO  [main] org.hibernate.Version - HHH000412: Hibernate ORM core version 5.6.15.Final
2023-11-10 08:21:33 INFO  [main] o.h.annotations.common.Version - HCANN000001: Hibernate Commons Annotations {5.1.2.Final}
2023-11-10 08:21:34 INFO  [main] com.zaxxer.hikari.HikariDataSource - ems - Starting...
2023-11-10 08:21:34 INFO  [main] com.zaxxer.hikari.HikariDataSource - ems - Start completed.
2023-11-10 08:21:34 INFO  [main] org.hibernate.dialect.Dialect - HHH000400: Using dialect: org.hibernate.dialect.PostgreSQLDialect
2023-11-10 08:21:35 INFO  [main] o.h.e.t.j.p.i.JtaPlatformInitiator - HHH000490: Using JtaPlatform implementation: [org.hibernate.engine.transaction.jta.platform.internal.NoJtaPlatform]
2023-11-10 08:21:35 INFO  [main] o.s.o.j.LocalContainerEntityManagerFactoryBean - Initialized JPA EntityManagerFactory for persistence unit 'default'
2023-11-10 08:21:36 INFO  [main] o.s.s.web.DefaultSecurityFilterChain - Will secure any request with [org.springframework.security.web.session.DisableEncodeUrlFilter@54033a65, org.springframework.security.web.context.request.async.WebAsyncManagerIntegrationFilter@4fb99927, org.springframework.security.web.context.SecurityContextPersistenceFilter@1fec9d33, org.springframework.security.web.header.HeaderWriterFilter@31a4db4f, org.springframework.security.web.authentication.logout.LogoutFilter@4c78e00c, xyz.aqlabs.cookbook.security.JwtAuthenticationFilter@5ea0a7a9, org.springframework.security.web.savedrequest.RequestCacheAwareFilter@8e8ceb3, org.springframework.security.web.servletapi.SecurityContextHolderAwareRequestFilter@2699b656, org.springframework.security.web.authentication.AnonymousAuthenticationFilter@2d9df336, org.springframework.security.web.session.SessionManagementFilter@691eb389, org.springframework.security.web.access.ExceptionTranslationFilter@51e0f2eb, org.springframework.security.web.access.intercept.FilterSecurityInterceptor@3dfa2f64]
2023-11-10 08:21:36 WARN  [main] o.s.b.a.o.j.JpaBaseConfiguration$JpaWebConfiguration - spring.jpa.open-in-view is enabled by default. Therefore, database queries may be performed during view rendering. Explicitly configure spring.jpa.open-in-view to disable this warning
2023-11-10 08:21:36 INFO  [main] o.a.coyote.http11.Http11NioProtocol - Starting ProtocolHandler ["http-nio-8080"]
2023-11-10 08:21:36 INFO  [main] o.s.b.w.e.tomcat.TomcatWebServer - Tomcat started on port(s): 8080 (http) with context path ''
2023-11-10 08:21:36 INFO  [main] xyz.aqlabs.cookbook.EmsApplication - Started EmsApplication in 5.683 seconds (JVM running for 6.395)
2023-11-10 08:21:36 INFO  [http-nio-8080-exec-1] o.a.c.c.C.[Tomcat].[localhost].[/] - Initializing Spring DispatcherServlet 'dispatcherServlet'
2023-11-10 08:21:36 INFO  [http-nio-8080-exec-1] o.s.web.servlet.DispatcherServlet - Initializing Servlet 'dispatcherServlet'
2023-11-10 08:21:36 INFO  [http-nio-8080-exec-1] o.s.web.servlet.DispatcherServlet - Completed initialization in 2 ms
2023-11-10 08:22:17 INFO  [http-nio-8080-exec-3] x.a.c.security.AuthenticationService - METHOD EXECUTING in AUTHENTICATION SERVICE: logIn(-376654541)
2023-11-10 08:22:17 INFO  [http-nio-8080-exec-3] x.a.c.security.AuthenticationService - Attempting to VALIDATE credentials in dto: -376654541.
2023-11-10 08:22:17 INFO  [http-nio-8080-exec-3] x.a.c.security.AuthenticationService - CHECKING if Employee with username: lcastaa exists.
2023-11-10 08:22:17 INFO  [http-nio-8080-exec-3] x.a.c.security.AuthenticationService - AUTHENTICATION PASSED

2023-11-10 08:23:14 INFO  [SpringApplicationShutdownHook] o.s.o.j.LocalContainerEntityManagerFactoryBean - Closing JPA EntityManagerFactory for persistence unit 'default'
2023-11-10 08:23:14 INFO  [SpringApplicationShutdownHook] com.zaxxer.hikari.HikariDataSource - ems - Shutdown initiated...
2023-11-10 08:23:14 INFO  [SpringApplicationShutdownHook] com.zaxxer.hikari.HikariDataSource - ems - Shutdown completed.
2023-11-10 08:26:33 INFO  [main] xyz.aqlabs.cookbook.EmsApplication - Starting EmsApplication using Java 19.0.2 on lcastaa-laptop with PID 102539 (/home/luis/Documents/Java Projects/employee-management-system/target/classes started by luis in /home/luis/Documents/Java Projects/employee-management-system)
2023-11-10 08:26:33 INFO  [main] xyz.aqlabs.cookbook.EmsApplication - No active profile set, falling back to 1 default profile: "default"
2023-11-10 08:26:34 INFO  [main] o.s.d.r.c.RepositoryConfigurationDelegate - Bootstrapping Spring Data JPA repositories in DEFAULT mode.
2023-11-10 08:26:34 INFO  [main] o.s.d.r.c.RepositoryConfigurationDelegate - Finished Spring Data repository scanning in 55 ms. Found 1 JPA repository interfaces.
2023-11-10 08:26:35 INFO  [main] o.s.b.w.e.tomcat.TomcatWebServer - Tomcat initialized with port(s): 8080 (http)
2023-11-10 08:26:35 INFO  [main] o.a.coyote.http11.Http11NioProtocol - Initializing ProtocolHandler ["http-nio-8080"]
2023-11-10 08:26:35 INFO  [main] o.a.catalina.core.StandardService - Starting service [Tomcat]
2023-11-10 08:26:35 INFO  [main] o.a.catalina.core.StandardEngine - Starting Servlet engine: [Apache Tomcat/9.0.78]
2023-11-10 08:26:35 INFO  [main] o.a.c.c.C.[Tomcat].[localhost].[/] - Initializing Spring embedded WebApplicationContext
2023-11-10 08:26:35 INFO  [main] o.s.b.w.s.c.ServletWebServerApplicationContext - Root WebApplicationContext: initialization completed in 1927 ms
2023-11-10 08:26:35 INFO  [main] o.h.jpa.internal.util.LogHelper - HHH000204: Processing PersistenceUnitInfo [name: default]
2023-11-10 08:26:35 INFO  [main] org.hibernate.Version - HHH000412: Hibernate ORM core version 5.6.15.Final
2023-11-10 08:26:35 INFO  [main] o.h.annotations.common.Version - HCANN000001: Hibernate Commons Annotations {5.1.2.Final}
2023-11-10 08:26:35 INFO  [main] com.zaxxer.hikari.HikariDataSource - ems - Starting...
2023-11-10 08:26:36 INFO  [main] com.zaxxer.hikari.HikariDataSource - ems - Start completed.
2023-11-10 08:26:36 INFO  [main] org.hibernate.dialect.Dialect - HHH000400: Using dialect: org.hibernate.dialect.PostgreSQLDialect
2023-11-10 08:26:36 INFO  [main] o.h.e.t.j.p.i.JtaPlatformInitiator - HHH000490: Using JtaPlatform implementation: [org.hibernate.engine.transaction.jta.platform.internal.NoJtaPlatform]
2023-11-10 08:26:36 INFO  [main] o.s.o.j.LocalContainerEntityManagerFactoryBean - Initialized JPA EntityManagerFactory for persistence unit 'default'
2023-11-10 08:26:37 INFO  [main] o.s.s.web.DefaultSecurityFilterChain - Will secure any request with [org.springframework.security.web.session.DisableEncodeUrlFilter@131b58d4, org.springframework.security.web.context.request.async.WebAsyncManagerIntegrationFilter@5e8698c0, org.springframework.security.web.context.SecurityContextPersistenceFilter@2699b656, org.springframework.security.web.header.HeaderWriterFilter@aa794a3, org.springframework.security.web.authentication.logout.LogoutFilter@48b9773b, xyz.aqlabs.cookbook.security.JwtAuthenticationFilter@780a91d0, org.springframework.security.web.savedrequest.RequestCacheAwareFilter@49bc71b4, org.springframework.security.web.servletapi.SecurityContextHolderAwareRequestFilter@7efa366, org.springframework.security.web.authentication.AnonymousAuthenticationFilter@5df54296, org.springframework.security.web.session.SessionManagementFilter@1fec9d33, org.springframework.security.web.access.ExceptionTranslationFilter@2842ef02, org.springframework.security.web.access.intercept.FilterSecurityInterceptor@690e4b00]
2023-11-10 08:26:37 WARN  [main] o.s.b.a.o.j.JpaBaseConfiguration$JpaWebConfiguration - spring.jpa.open-in-view is enabled by default. Therefore, database queries may be performed during view rendering. Explicitly configure spring.jpa.open-in-view to disable this warning
2023-11-10 08:26:38 INFO  [main] o.a.coyote.http11.Http11NioProtocol - Starting ProtocolHandler ["http-nio-8080"]
2023-11-10 08:26:38 INFO  [main] o.s.b.w.e.tomcat.TomcatWebServer - Tomcat started on port(s): 8080 (http) with context path ''
2023-11-10 08:26:38 INFO  [main] xyz.aqlabs.cookbook.EmsApplication - Started EmsApplication in 5.413 seconds (JVM running for 6.078)
2023-11-10 08:26:59 INFO  [http-nio-8080-exec-1] o.a.c.c.C.[Tomcat].[localhost].[/] - Initializing Spring DispatcherServlet 'dispatcherServlet'
2023-11-10 08:26:59 INFO  [http-nio-8080-exec-1] o.s.web.servlet.DispatcherServlet - Initializing Servlet 'dispatcherServlet'
2023-11-10 08:26:59 INFO  [http-nio-8080-exec-1] o.s.web.servlet.DispatcherServlet - Completed initialization in 1 ms
2023-11-10 08:28:30 INFO  [SpringApplicationShutdownHook] o.s.o.j.LocalContainerEntityManagerFactoryBean - Closing JPA EntityManagerFactory for persistence unit 'default'
2023-11-10 08:28:30 INFO  [SpringApplicationShutdownHook] com.zaxxer.hikari.HikariDataSource - ems - Shutdown initiated...
2023-11-10 08:28:30 INFO  [SpringApplicationShutdownHook] com.zaxxer.hikari.HikariDataSource - ems - Shutdown completed.
2023-11-10 08:28:32 INFO  [main] xyz.aqlabs.cookbook.EmsApplication - Starting EmsApplication using Java 19.0.2 on lcastaa-laptop with PID 102831 (/home/luis/Documents/Java Projects/employee-management-system/target/classes started by luis in /home/luis/Documents/Java Projects/employee-management-system)
2023-11-10 08:28:32 INFO  [main] xyz.aqlabs.cookbook.EmsApplication - No active profile set, falling back to 1 default profile: "default"
2023-11-10 08:28:33 INFO  [main] o.s.d.r.c.RepositoryConfigurationDelegate - Bootstrapping Spring Data JPA repositories in DEFAULT mode.
2023-11-10 08:28:33 INFO  [main] o.s.d.r.c.RepositoryConfigurationDelegate - Finished Spring Data repository scanning in 59 ms. Found 1 JPA repository interfaces.
2023-11-10 08:28:34 INFO  [main] o.s.b.w.e.tomcat.TomcatWebServer - Tomcat initialized with port(s): 8080 (http)
2023-11-10 08:28:34 INFO  [main] o.a.coyote.http11.Http11NioProtocol - Initializing ProtocolHandler ["http-nio-8080"]
2023-11-10 08:28:34 INFO  [main] o.a.catalina.core.StandardService - Starting service [Tomcat]
2023-11-10 08:28:34 INFO  [main] o.a.catalina.core.StandardEngine - Starting Servlet engine: [Apache Tomcat/9.0.78]
2023-11-10 08:28:34 INFO  [main] o.a.c.c.C.[Tomcat].[localhost].[/] - Initializing Spring embedded WebApplicationContext
2023-11-10 08:28:34 INFO  [main] o.s.b.w.s.c.ServletWebServerApplicationContext - Root WebApplicationContext: initialization completed in 1800 ms
2023-11-10 08:28:34 INFO  [main] o.h.jpa.internal.util.LogHelper - HHH000204: Processing PersistenceUnitInfo [name: default]
2023-11-10 08:28:34 INFO  [main] org.hibernate.Version - HHH000412: Hibernate ORM core version 5.6.15.Final
2023-11-10 08:28:34 INFO  [main] o.h.annotations.common.Version - HCANN000001: Hibernate Commons Annotations {5.1.2.Final}
2023-11-10 08:28:34 INFO  [main] com.zaxxer.hikari.HikariDataSource - ems - Starting...
2023-11-10 08:28:35 INFO  [main] com.zaxxer.hikari.HikariDataSource - ems - Start completed.
2023-11-10 08:28:35 INFO  [main] org.hibernate.dialect.Dialect - HHH000400: Using dialect: org.hibernate.dialect.PostgreSQLDialect
2023-11-10 08:28:36 INFO  [main] o.h.e.t.j.p.i.JtaPlatformInitiator - HHH000490: Using JtaPlatform implementation: [org.hibernate.engine.transaction.jta.platform.internal.NoJtaPlatform]
2023-11-10 08:28:36 INFO  [main] o.s.o.j.LocalContainerEntityManagerFactoryBean - Initialized JPA EntityManagerFactory for persistence unit 'default'
2023-11-10 08:28:37 INFO  [main] o.s.s.web.DefaultSecurityFilterChain - Will secure any request with [org.springframework.security.web.session.DisableEncodeUrlFilter@1e36baca, org.springframework.security.web.context.request.async.WebAsyncManagerIntegrationFilter@3dfa2f64, org.springframework.security.web.context.SecurityContextPersistenceFilter@7341baa3, org.springframework.security.web.header.HeaderWriterFilter@279ab15e, org.springframework.security.web.authentication.logout.LogoutFilter@141229f6, xyz.aqlabs.cookbook.security.JwtAuthenticationFilter@2697c156, org.springframework.security.web.savedrequest.RequestCacheAwareFilter@626766fd, org.springframework.security.web.servletapi.SecurityContextHolderAwareRequestFilter@e1fd2bf, org.springframework.security.web.authentication.AnonymousAuthenticationFilter@60484429, org.springframework.security.web.session.SessionManagementFilter@1dce481b, org.springframework.security.web.access.ExceptionTranslationFilter@25c548d1, org.springframework.security.web.access.intercept.FilterSecurityInterceptor@e890591]
2023-11-10 08:28:37 WARN  [main] o.s.b.a.o.j.JpaBaseConfiguration$JpaWebConfiguration - spring.jpa.open-in-view is enabled by default. Therefore, database queries may be performed during view rendering. Explicitly configure spring.jpa.open-in-view to disable this warning
2023-11-10 08:28:37 INFO  [main] o.a.coyote.http11.Http11NioProtocol - Starting ProtocolHandler ["http-nio-8080"]
2023-11-10 08:28:37 INFO  [main] o.s.b.w.e.tomcat.TomcatWebServer - Tomcat started on port(s): 8080 (http) with context path ''
2023-11-10 08:28:37 INFO  [main] xyz.aqlabs.cookbook.EmsApplication - Started EmsApplication in 5.85 seconds (JVM running for 6.554)
2023-11-10 08:28:39 INFO  [http-nio-8080-exec-1] o.a.c.c.C.[Tomcat].[localhost].[/] - Initializing Spring DispatcherServlet 'dispatcherServlet'
2023-11-10 08:28:39 INFO  [http-nio-8080-exec-1] o.s.web.servlet.DispatcherServlet - Initializing Servlet 'dispatcherServlet'
2023-11-10 08:28:39 INFO  [http-nio-8080-exec-1] o.s.web.servlet.DispatcherServlet - Completed initialization in 2 ms
2023-11-10 08:30:29 INFO  [SpringApplicationShutdownHook] o.s.o.j.LocalContainerEntityManagerFactoryBean - Closing JPA EntityManagerFactory for persistence unit 'default'
2023-11-10 08:30:29 INFO  [SpringApplicationShutdownHook] com.zaxxer.hikari.HikariDataSource - ems - Shutdown initiated...
2023-11-10 08:30:29 INFO  [SpringApplicationShutdownHook] com.zaxxer.hikari.HikariDataSource - ems - Shutdown completed.
2023-11-10 08:30:31 INFO  [main] xyz.aqlabs.cookbook.EmsApplication - Starting EmsApplication using Java 19.0.2 on lcastaa-laptop with PID 103163 (/home/luis/Documents/Java Projects/employee-management-system/target/classes started by luis in /home/luis/Documents/Java Projects/employee-management-system)
2023-11-10 08:30:31 INFO  [main] xyz.aqlabs.cookbook.EmsApplication - No active profile set, falling back to 1 default profile: "default"
2023-11-10 08:30:32 INFO  [main] o.s.d.r.c.RepositoryConfigurationDelegate - Bootstrapping Spring Data JPA repositories in DEFAULT mode.
2023-11-10 08:30:32 INFO  [main] o.s.d.r.c.RepositoryConfigurationDelegate - Finished Spring Data repository scanning in 55 ms. Found 1 JPA repository interfaces.
2023-11-10 08:30:33 INFO  [main] o.s.b.w.e.tomcat.TomcatWebServer - Tomcat initialized with port(s): 8080 (http)
2023-11-10 08:30:33 INFO  [main] o.a.coyote.http11.Http11NioProtocol - Initializing ProtocolHandler ["http-nio-8080"]
2023-11-10 08:30:33 INFO  [main] o.a.catalina.core.StandardService - Starting service [Tomcat]
2023-11-10 08:30:33 INFO  [main] o.a.catalina.core.StandardEngine - Starting Servlet engine: [Apache Tomcat/9.0.78]
2023-11-10 08:30:33 INFO  [main] o.a.c.c.C.[Tomcat].[localhost].[/] - Initializing Spring embedded WebApplicationContext
2023-11-10 08:30:33 INFO  [main] o.s.b.w.s.c.ServletWebServerApplicationContext - Root WebApplicationContext: initialization completed in 1934 ms
2023-11-10 08:30:34 INFO  [main] o.h.jpa.internal.util.LogHelper - HHH000204: Processing PersistenceUnitInfo [name: default]
2023-11-10 08:30:34 INFO  [main] org.hibernate.Version - HHH000412: Hibernate ORM core version 5.6.15.Final
2023-11-10 08:30:34 INFO  [main] o.h.annotations.common.Version - HCANN000001: Hibernate Commons Annotations {5.1.2.Final}
2023-11-10 08:30:34 INFO  [main] com.zaxxer.hikari.HikariDataSource - ems - Starting...
2023-11-10 08:30:34 INFO  [main] com.zaxxer.hikari.HikariDataSource - ems - Start completed.
2023-11-10 08:30:34 INFO  [main] org.hibernate.dialect.Dialect - HHH000400: Using dialect: org.hibernate.dialect.PostgreSQLDialect
2023-11-10 08:30:36 INFO  [main] o.h.e.t.j.p.i.JtaPlatformInitiator - HHH000490: Using JtaPlatform implementation: [org.hibernate.engine.transaction.jta.platform.internal.NoJtaPlatform]
2023-11-10 08:30:36 INFO  [main] o.s.o.j.LocalContainerEntityManagerFactoryBean - Initialized JPA EntityManagerFactory for persistence unit 'default'
2023-11-10 08:30:36 INFO  [main] o.s.s.web.DefaultSecurityFilterChain - Will secure any request with [org.springframework.security.web.session.DisableEncodeUrlFilter@54033a65, org.springframework.security.web.context.request.async.WebAsyncManagerIntegrationFilter@4fb99927, org.springframework.security.web.context.SecurityContextPersistenceFilter@1fec9d33, org.springframework.security.web.header.HeaderWriterFilter@31a4db4f, org.springframework.security.web.authentication.logout.LogoutFilter@4c78e00c, xyz.aqlabs.cookbook.security.JwtAuthenticationFilter@5ea0a7a9, org.springframework.security.web.savedrequest.RequestCacheAwareFilter@8e8ceb3, org.springframework.security.web.servletapi.SecurityContextHolderAwareRequestFilter@2699b656, org.springframework.security.web.authentication.AnonymousAuthenticationFilter@2d9df336, org.springframework.security.web.session.SessionManagementFilter@691eb389, org.springframework.security.web.access.ExceptionTranslationFilter@51e0f2eb, org.springframework.security.web.access.intercept.FilterSecurityInterceptor@3dfa2f64]
2023-11-10 08:30:36 WARN  [main] o.s.b.a.o.j.JpaBaseConfiguration$JpaWebConfiguration - spring.jpa.open-in-view is enabled by default. Therefore, database queries may be performed during view rendering. Explicitly configure spring.jpa.open-in-view to disable this warning
2023-11-10 08:30:37 INFO  [main] o.a.coyote.http11.Http11NioProtocol - Starting ProtocolHandler ["http-nio-8080"]
2023-11-10 08:30:37 INFO  [main] o.s.b.w.e.tomcat.TomcatWebServer - Tomcat started on port(s): 8080 (http) with context path ''
2023-11-10 08:30:37 INFO  [main] xyz.aqlabs.cookbook.EmsApplication - Started EmsApplication in 6.21 seconds (JVM running for 6.844)
2023-11-10 08:30:37 INFO  [http-nio-8080-exec-1] o.a.c.c.C.[Tomcat].[localhost].[/] - Initializing Spring DispatcherServlet 'dispatcherServlet'
2023-11-10 08:30:37 INFO  [http-nio-8080-exec-1] o.s.web.servlet.DispatcherServlet - Initializing Servlet 'dispatcherServlet'
2023-11-10 08:30:37 INFO  [http-nio-8080-exec-1] o.s.web.servlet.DispatcherServlet - Completed initialization in 1 ms
2023-11-10 08:42:02 INFO  [SpringApplicationShutdownHook] o.s.o.j.LocalContainerEntityManagerFactoryBean - Closing JPA EntityManagerFactory for persistence unit 'default'
2023-11-10 08:42:02 INFO  [SpringApplicationShutdownHook] com.zaxxer.hikari.HikariDataSource - ems - Shutdown initiated...
2023-11-10 08:42:02 INFO  [SpringApplicationShutdownHook] com.zaxxer.hikari.HikariDataSource - ems - Shutdown completed.
2023-11-10 08:46:29 INFO  [main] xyz.aqlabs.cookbook.EmsApplication - Starting EmsApplication using Java 19.0.2 on lcastaa-laptop with PID 104284 (/home/luis/Documents/Java Projects/employee-management-system/target/classes started by luis in /home/luis/Documents/Java Projects/employee-management-system)
2023-11-10 08:46:29 INFO  [main] xyz.aqlabs.cookbook.EmsApplication - No active profile set, falling back to 1 default profile: "default"
2023-11-10 08:46:29 INFO  [main] o.s.d.r.c.RepositoryConfigurationDelegate - Bootstrapping Spring Data JPA repositories in DEFAULT mode.
2023-11-10 08:46:29 INFO  [main] o.s.d.r.c.RepositoryConfigurationDelegate - Finished Spring Data repository scanning in 53 ms. Found 1 JPA repository interfaces.
2023-11-10 08:46:30 INFO  [main] o.s.b.w.e.tomcat.TomcatWebServer - Tomcat initialized with port(s): 8080 (http)
2023-11-10 08:46:30 INFO  [main] o.a.coyote.http11.Http11NioProtocol - Initializing ProtocolHandler ["http-nio-8080"]
2023-11-10 08:46:30 INFO  [main] o.a.catalina.core.StandardService - Starting service [Tomcat]
2023-11-10 08:46:30 INFO  [main] o.a.catalina.core.StandardEngine - Starting Servlet engine: [Apache Tomcat/9.0.78]
2023-11-10 08:46:30 INFO  [main] o.a.c.c.C.[Tomcat].[localhost].[/] - Initializing Spring embedded WebApplicationContext
2023-11-10 08:46:30 INFO  [main] o.s.b.w.s.c.ServletWebServerApplicationContext - Root WebApplicationContext: initialization completed in 1641 ms
2023-11-10 08:46:30 INFO  [main] o.h.jpa.internal.util.LogHelper - HHH000204: Processing PersistenceUnitInfo [name: default]
2023-11-10 08:46:31 INFO  [main] org.hibernate.Version - HHH000412: Hibernate ORM core version 5.6.15.Final
2023-11-10 08:46:31 INFO  [main] o.h.annotations.common.Version - HCANN000001: Hibernate Commons Annotations {5.1.2.Final}
2023-11-10 08:46:31 INFO  [main] com.zaxxer.hikari.HikariDataSource - ems - Starting...
2023-11-10 08:46:31 INFO  [main] com.zaxxer.hikari.HikariDataSource - ems - Start completed.
2023-11-10 08:46:31 INFO  [main] org.hibernate.dialect.Dialect - HHH000400: Using dialect: org.hibernate.dialect.PostgreSQLDialect
2023-11-10 08:46:32 INFO  [main] o.h.e.t.j.p.i.JtaPlatformInitiator - HHH000490: Using JtaPlatform implementation: [org.hibernate.engine.transaction.jta.platform.internal.NoJtaPlatform]
2023-11-10 08:46:32 INFO  [main] o.s.o.j.LocalContainerEntityManagerFactoryBean - Initialized JPA EntityManagerFactory for persistence unit 'default'
2023-11-10 08:46:33 INFO  [main] o.s.s.web.DefaultSecurityFilterChain - Will secure any request with [org.springframework.security.web.session.DisableEncodeUrlFilter@690e4b00, org.springframework.security.web.context.request.async.WebAsyncManagerIntegrationFilter@5e3d84a, org.springframework.security.web.context.SecurityContextPersistenceFilter@70f5f57d, org.springframework.security.web.header.HeaderWriterFilter@3ccefe1b, org.springframework.security.web.authentication.logout.LogoutFilter@250e8712, xyz.aqlabs.cookbook.security.JwtAuthenticationFilter@6949cead, org.springframework.security.web.savedrequest.RequestCacheAwareFilter@301770d9, org.springframework.security.web.servletapi.SecurityContextHolderAwareRequestFilter@40edc64e, org.springframework.security.web.authentication.AnonymousAuthenticationFilter@2728add3, org.springframework.security.web.session.SessionManagementFilter@1ca0aa40, org.springframework.security.web.access.ExceptionTranslationFilter@5810772a, org.springframework.security.web.access.intercept.FilterSecurityInterceptor@18e76101]
2023-11-10 08:46:33 WARN  [main] o.s.b.a.o.j.JpaBaseConfiguration$JpaWebConfiguration - spring.jpa.open-in-view is enabled by default. Therefore, database queries may be performed during view rendering. Explicitly configure spring.jpa.open-in-view to disable this warning
2023-11-10 08:46:33 INFO  [main] o.a.coyote.http11.Http11NioProtocol - Starting ProtocolHandler ["http-nio-8080"]
2023-11-10 08:46:33 INFO  [main] o.s.b.w.e.tomcat.TomcatWebServer - Tomcat started on port(s): 8080 (http) with context path ''
2023-11-10 08:46:33 INFO  [main] xyz.aqlabs.cookbook.EmsApplication - Started EmsApplication in 5.113 seconds (JVM running for 5.783)
2023-11-10 09:23:45 INFO  [http-nio-8080-exec-1] o.a.c.c.C.[Tomcat].[localhost].[/] - Initializing Spring DispatcherServlet 'dispatcherServlet'
2023-11-10 09:23:45 INFO  [http-nio-8080-exec-1] o.s.web.servlet.DispatcherServlet - Initializing Servlet 'dispatcherServlet'
2023-11-10 09:23:45 INFO  [http-nio-8080-exec-1] o.s.web.servlet.DispatcherServlet - Completed initialization in 1 ms
2023-11-10 09:24:48 INFO  [SpringApplicationShutdownHook] o.s.o.j.LocalContainerEntityManagerFactoryBean - Closing JPA EntityManagerFactory for persistence unit 'default'
2023-11-10 09:24:48 INFO  [SpringApplicationShutdownHook] com.zaxxer.hikari.HikariDataSource - ems - Shutdown initiated...
2023-11-10 09:24:48 INFO  [SpringApplicationShutdownHook] com.zaxxer.hikari.HikariDataSource - ems - Shutdown completed.
2023-11-10 09:24:52 INFO  [main] xyz.aqlabs.cookbook.EmsApplication - Starting EmsApplication using Java 19.0.2 on lcastaa-laptop with PID 107313 (/home/luis/Documents/Java Projects/employee-management-system/target/classes started by luis in /home/luis/Documents/Java Projects/employee-management-system)
2023-11-10 09:24:52 INFO  [main] xyz.aqlabs.cookbook.EmsApplication - No active profile set, falling back to 1 default profile: "default"
2023-11-10 09:24:53 INFO  [main] o.s.d.r.c.RepositoryConfigurationDelegate - Bootstrapping Spring Data JPA repositories in DEFAULT mode.
2023-11-10 09:24:53 INFO  [main] o.s.d.r.c.RepositoryConfigurationDelegate - Finished Spring Data repository scanning in 68 ms. Found 1 JPA repository interfaces.
2023-11-10 09:24:54 INFO  [main] o.s.b.w.e.tomcat.TomcatWebServer - Tomcat initialized with port(s): 8080 (http)
2023-11-10 09:24:54 INFO  [main] o.a.coyote.http11.Http11NioProtocol - Initializing ProtocolHandler ["http-nio-8080"]
2023-11-10 09:24:54 INFO  [main] o.a.catalina.core.StandardService - Starting service [Tomcat]
2023-11-10 09:24:54 INFO  [main] o.a.catalina.core.StandardEngine - Starting Servlet engine: [Apache Tomcat/9.0.78]
2023-11-10 09:24:54 INFO  [main] o.a.c.c.C.[Tomcat].[localhost].[/] - Initializing Spring embedded WebApplicationContext
2023-11-10 09:24:54 INFO  [main] o.s.b.w.s.c.ServletWebServerApplicationContext - Root WebApplicationContext: initialization completed in 1875 ms
2023-11-10 09:24:54 INFO  [main] o.h.jpa.internal.util.LogHelper - HHH000204: Processing PersistenceUnitInfo [name: default]
2023-11-10 09:24:54 INFO  [main] org.hibernate.Version - HHH000412: Hibernate ORM core version 5.6.15.Final
2023-11-10 09:24:54 INFO  [main] o.h.annotations.common.Version - HCANN000001: Hibernate Commons Annotations {5.1.2.Final}
2023-11-10 09:24:54 INFO  [main] com.zaxxer.hikari.HikariDataSource - ems - Starting...
2023-11-10 09:24:55 INFO  [main] com.zaxxer.hikari.HikariDataSource - ems - Start completed.
2023-11-10 09:24:55 INFO  [main] org.hibernate.dialect.Dialect - HHH000400: Using dialect: org.hibernate.dialect.PostgreSQLDialect
2023-11-10 09:24:56 INFO  [main] o.h.e.t.j.p.i.JtaPlatformInitiator - HHH000490: Using JtaPlatform implementation: [org.hibernate.engine.transaction.jta.platform.internal.NoJtaPlatform]
2023-11-10 09:24:56 INFO  [main] o.s.o.j.LocalContainerEntityManagerFactoryBean - Initialized JPA EntityManagerFactory for persistence unit 'default'
2023-11-10 09:24:57 INFO  [main] o.s.s.web.DefaultSecurityFilterChain - Will secure any request with [org.springframework.security.web.session.DisableEncodeUrlFilter@5e3d84a, org.springframework.security.web.context.request.async.WebAsyncManagerIntegrationFilter@2728add3, org.springframework.security.web.context.SecurityContextPersistenceFilter@691eb389, org.springframework.security.web.header.HeaderWriterFilter@a926db4, org.springframework.security.web.authentication.logout.LogoutFilter@becb93a, xyz.aqlabs.cookbook.security.JwtAuthenticationFilter@1a88d194, org.springframework.security.web.savedrequest.RequestCacheAwareFilter@40edc64e, org.springframework.security.web.servletapi.SecurityContextHolderAwareRequestFilter@1fec9d33, org.springframework.security.web.authentication.AnonymousAuthenticationFilter@4fce3ed7, org.springframework.security.web.session.SessionManagementFilter@626766fd, org.springframework.security.web.access.ExceptionTranslationFilter@4eacb6d1, org.springframework.security.web.access.intercept.FilterSecurityInterceptor@79349b61]
2023-11-10 09:24:57 WARN  [main] o.s.b.a.o.j.JpaBaseConfiguration$JpaWebConfiguration - spring.jpa.open-in-view is enabled by default. Therefore, database queries may be performed during view rendering. Explicitly configure spring.jpa.open-in-view to disable this warning
2023-11-10 09:24:57 INFO  [main] o.a.coyote.http11.Http11NioProtocol - Starting ProtocolHandler ["http-nio-8080"]
2023-11-10 09:24:57 INFO  [main] o.s.b.w.e.tomcat.TomcatWebServer - Tomcat started on port(s): 8080 (http) with context path ''
2023-11-10 09:24:57 INFO  [main] xyz.aqlabs.cookbook.EmsApplication - Started EmsApplication in 5.955 seconds (JVM running for 6.738)
2023-11-10 09:24:58 INFO  [http-nio-8080-exec-3] o.a.c.c.C.[Tomcat].[localhost].[/] - Initializing Spring DispatcherServlet 'dispatcherServlet'
2023-11-10 09:24:58 INFO  [http-nio-8080-exec-3] o.s.web.servlet.DispatcherServlet - Initializing Servlet 'dispatcherServlet'
2023-11-10 09:24:58 INFO  [http-nio-8080-exec-3] o.s.web.servlet.DispatcherServlet - Completed initialization in 1 ms
